<?xml version="1.0" encoding="UTF-8"?>
<coverage generated="1775599317345" clover="3.2.0">
  <project timestamp="1775599317345" name="All files">
    <metrics statements="240" coveredstatements="223" conditionals="223" coveredconditionals="174" methods="67" coveredmethods="53" elements="530" coveredelements="450" complexity="0" loc="240" ncloc="240" packages="1" files="8" classes="8"/>
    <file name="CategoriaModal.tsx" path="C:\Dev\app-presupuesto\src\components\features\CategoriaModal.tsx">
      <metrics statements="38" coveredstatements="35" conditionals="48" coveredconditionals="40" methods="10" coveredmethods="9"/>
      <line num="3" count="2" type="stmt"/>
      <line num="4" count="2" type="stmt"/>
      <line num="18" count="2" type="stmt"/>
      <line num="24" count="2" type="stmt"/>
      <line num="25" count="53" type="stmt"/>
      <line num="26" count="53" type="stmt"/>
      <line num="27" count="53" type="stmt"/>
      <line num="28" count="53" type="stmt"/>
      <line num="29" count="53" type="stmt"/>
      <line num="30" count="53" type="stmt"/>
      <line num="32" count="53" type="stmt"/>
      <line num="33" count="24" type="cond" truecount="2" falsecount="0"/>
      <line num="34" count="14" type="cond" truecount="8" falsecount="0"/>
      <line num="35" count="14" type="cond" truecount="8" falsecount="0"/>
      <line num="36" count="14" type="stmt"/>
      <line num="37" count="14" type="cond" truecount="2" falsecount="2"/>
      <line num="41" count="53" type="stmt"/>
      <line num="42" count="38" type="cond" truecount="2" falsecount="0"/>
      <line num="43" count="14" type="cond" truecount="0" falsecount="2"/>
      <line num="44" count="14" type="stmt"/>
      <line num="45" count="14" type="stmt"/>
      <line num="48" count="53" type="stmt"/>
      <line num="49" count="1" type="stmt"/>
      <line num="50" count="1" type="stmt"/>
      <line num="51" count="1" type="cond" truecount="1" falsecount="1"/>
      <line num="52" count="1" type="stmt"/>
      <line num="54" count="1" type="cond" truecount="3" falsecount="1"/>
      <line num="58" count="1" type="cond" truecount="1" falsecount="1"/>
      <line num="59" count="0" type="stmt"/>
      <line num="60" count="0" type="stmt"/>
      <line num="61" count="0" type="stmt"/>
      <line num="63" count="1" type="stmt"/>
      <line num="66" count="53" type="cond" truecount="2" falsecount="0"/>
      <line num="68" count="29" type="stmt"/>
      <line num="94" count="5" type="stmt"/>
      <line num="105" count="435" type="stmt"/>
      <line num="108" count="1" type="stmt"/>
      <line num="138" count="2" type="stmt"/>
    </file>
    <file name="ConfiguracionClient.tsx" path="C:\Dev\app-presupuesto\src\components\features\ConfiguracionClient.tsx">
      <metrics statements="38" coveredstatements="35" conditionals="22" coveredconditionals="20" methods="11" coveredmethods="8"/>
      <line num="3" count="1" type="stmt"/>
      <line num="4" count="1" type="stmt"/>
      <line num="5" count="1" type="stmt"/>
      <line num="20" count="1" type="stmt"/>
      <line num="24" count="23" type="stmt"/>
      <line num="27" count="23" type="stmt"/>
      <line num="28" count="23" type="stmt"/>
      <line num="29" count="23" type="stmt"/>
      <line num="32" count="23" type="stmt"/>
      <line num="33" count="23" type="stmt"/>
      <line num="34" count="23" type="stmt"/>
      <line num="35" count="23" type="stmt"/>
      <line num="37" count="23" type="stmt"/>
      <line num="38" count="3" type="stmt"/>
      <line num="39" count="3" type="stmt"/>
      <line num="40" count="3" type="stmt"/>
      <line num="41" count="3" type="stmt"/>
      <line num="42" count="3" type="stmt"/>
      <line num="43" count="3" type="cond" truecount="2" falsecount="0"/>
      <line num="44" count="1" type="stmt"/>
      <line num="46" count="2" type="stmt"/>
      <line num="50" count="23" type="stmt"/>
      <line num="51" count="2" type="stmt"/>
      <line num="52" count="2" type="stmt"/>
      <line num="53" count="2" type="stmt"/>
      <line num="54" count="2" type="stmt"/>
      <line num="55" count="2" type="cond" truecount="2" falsecount="0"/>
      <line num="58" count="23" type="stmt"/>
      <line num="63" count="23" type="stmt"/>
      <line num="68" count="46" type="stmt"/>
      <line num="71" count="3" type="stmt"/>
      <line num="95" count="1" type="stmt"/>
      <line num="126" count="0" type="stmt"/>
      <line num="147" count="14" type="stmt"/>
      <line num="152" count="0" type="stmt"/>
      <line num="163" count="2" type="stmt"/>
      <line num="184" count="0" type="stmt"/>
      <line num="191" count="1" type="stmt"/>
    </file>
    <file name="GraficosClient.tsx" path="C:\Dev\app-presupuesto\src\components\features\GraficosClient.tsx">
      <metrics statements="22" coveredstatements="14" conditionals="30" coveredconditionals="11" methods="9" coveredmethods="5"/>
      <line num="4" count="1" type="stmt"/>
      <line num="39" count="1" type="stmt"/>
      <line num="40" count="15" type="stmt"/>
      <line num="46" count="1" type="stmt"/>
      <line num="47" count="8" type="cond" truecount="2" falsecount="0"/>
      <line num="48" count="4" type="cond" truecount="1" falsecount="1"/>
      <line num="49" count="0" type="stmt"/>
      <line num="52" count="1" type="stmt"/>
      <line num="53" count="0" type="cond" truecount="0" falsecount="8"/>
      <line num="54" count="0" type="stmt"/>
      <line num="55" count="0" type="stmt"/>
      <line num="63" count="1" type="stmt"/>
      <line num="64" count="0" type="cond" truecount="0" falsecount="8"/>
      <line num="65" count="0" type="stmt"/>
      <line num="69" count="0" type="stmt"/>
      <line num="77" count="1" type="stmt"/>
      <line num="84" count="5" type="cond" truecount="1" falsecount="1"/>
      <line num="86" count="5" type="stmt"/>
      <line num="134" count="8" type="stmt"/>
      <line num="143" count="8" type="stmt"/>
      <line num="192" count="0" type="stmt"/>
      <line num="206" count="1" type="stmt"/>
    </file>
    <file name="HistorialClient.tsx" path="C:\Dev\app-presupuesto\src\components\features\HistorialClient.tsx">
      <metrics statements="12" coveredstatements="12" conditionals="12" coveredconditionals="9" methods="3" coveredmethods="3"/>
      <line num="4" count="1" type="stmt"/>
      <line num="11" count="1" type="stmt"/>
      <line num="12" count="18" type="stmt"/>
      <line num="18" count="1" type="stmt"/>
      <line num="23" count="1" type="stmt"/>
      <line num="24" count="7" type="cond" truecount="2" falsecount="0"/>
      <line num="25" count="2" type="stmt"/>
      <line num="45" count="5" type="stmt"/>
      <line num="48" count="6" type="cond" truecount="1" falsecount="1"/>
      <line num="51" count="6" type="stmt"/>
      <line num="53" count="6" type="stmt"/>
      <line num="108" count="1" type="stmt"/>
    </file>
    <file name="LoginForm.tsx" path="C:\Dev\app-presupuesto\src\components\features\LoginForm.tsx">
      <metrics statements="21" coveredstatements="21" conditionals="8" coveredconditionals="8" methods="6" coveredmethods="6"/>
      <line num="3" count="1" type="stmt"/>
      <line num="4" count="1" type="stmt"/>
      <line num="6" count="1" type="stmt"/>
      <line num="7" count="17" type="stmt"/>
      <line num="8" count="17" type="stmt"/>
      <line num="10" count="17" type="stmt"/>
      <line num="11" count="6" type="stmt"/>
      <line num="12" count="6" type="stmt"/>
      <line num="14" count="6" type="stmt"/>
      <line num="15" count="6" type="stmt"/>
      <line num="22" count="4" type="cond" truecount="2" falsecount="0"/>
      <line num="23" count="2" type="stmt"/>
      <line num="24" count="2" type="stmt"/>
      <line num="28" count="17" type="stmt"/>
      <line num="38" count="4" type="stmt"/>
      <line num="49" count="2" type="stmt"/>
      <line num="61" count="1" type="stmt"/>
      <line num="62" count="17" type="stmt"/>
      <line num="82" count="1" type="stmt"/>
      <line num="83" count="17" type="stmt"/>
      <line num="88" count="1" type="stmt"/>
    </file>
    <file name="OnboardingForm.tsx" path="C:\Dev\app-presupuesto\src\components\features\OnboardingForm.tsx">
      <metrics statements="20" coveredstatements="20" conditionals="8" coveredconditionals="8" methods="3" coveredmethods="3"/>
      <line num="3" count="1" type="stmt"/>
      <line num="4" count="1" type="stmt"/>
      <line num="5" count="1" type="stmt"/>
      <line num="7" count="1" type="stmt"/>
      <line num="8" count="16" type="stmt"/>
      <line num="9" count="16" type="stmt"/>
      <line num="10" count="16" type="stmt"/>
      <line num="11" count="16" type="stmt"/>
      <line num="14" count="16" type="stmt"/>
      <line num="15" count="3" type="stmt"/>
      <line num="16" count="3" type="stmt"/>
      <line num="17" count="3" type="stmt"/>
      <line num="18" count="3" type="stmt"/>
      <line num="19" count="2" type="stmt"/>
      <line num="20" count="2" type="cond" truecount="4" falsecount="0"/>
      <line num="21" count="1" type="stmt"/>
      <line num="23" count="1" type="stmt"/>
      <line num="27" count="16" type="stmt"/>
      <line num="42" count="3" type="stmt"/>
      <line num="60" count="1" type="stmt"/>
    </file>
    <file name="RecordatorioModal.tsx" path="C:\Dev\app-presupuesto\src\components\features\RecordatorioModal.tsx">
      <metrics statements="50" coveredstatements="49" conditionals="59" coveredconditionals="55" methods="12" coveredmethods="10"/>
      <line num="3" count="2" type="stmt"/>
      <line num="4" count="2" type="stmt"/>
      <line num="15" count="2" type="stmt"/>
      <line num="16" count="2" type="stmt"/>
      <line num="17" count="2" type="cond" truecount="1" falsecount="1"/>
      <line num="18" count="2" type="stmt"/>
      <line num="20" count="2" type="stmt"/>
      <line num="21" count="1" type="stmt"/>
      <line num="22" count="1" type="cond" truecount="1" falsecount="1"/>
      <line num="25" count="2" type="stmt"/>
      <line num="26" count="54" type="stmt"/>
      <line num="28" count="54" type="stmt"/>
      <line num="29" count="54" type="stmt"/>
      <line num="30" count="54" type="stmt"/>
      <line num="31" count="54" type="stmt"/>
      <line num="32" count="54" type="stmt"/>
      <line num="33" count="54" type="stmt"/>
      <line num="35" count="54" type="stmt"/>
      <line num="36" count="19" type="cond" truecount="2" falsecount="0"/>
      <line num="37" count="12" type="cond" truecount="8" falsecount="0"/>
      <line num="38" count="12" type="cond" truecount="6" falsecount="0"/>
      <line num="39" count="12" type="cond" truecount="6" falsecount="0"/>
      <line num="40" count="12" type="stmt"/>
      <line num="41" count="12" type="cond" truecount="4" falsecount="0"/>
      <line num="45" count="54" type="stmt"/>
      <line num="46" count="25" type="cond" truecount="2" falsecount="0"/>
      <line num="47" count="12" type="cond" truecount="0" falsecount="2"/>
      <line num="48" count="12" type="stmt"/>
      <line num="49" count="12" type="stmt"/>
      <line num="52" count="54" type="stmt"/>
      <line num="53" count="7" type="stmt"/>
      <line num="54" count="7" type="stmt"/>
      <line num="56" count="7" type="stmt"/>
      <line num="57" count="7" type="cond" truecount="2" falsecount="0"/>
      <line num="58" count="6" type="cond" truecount="5" falsecount="0"/>
      <line num="59" count="2" type="stmt"/>
      <line num="62" count="4" type="stmt"/>
      <line num="64" count="4" type="stmt"/>
      <line num="70" count="4" type="cond" truecount="4" falsecount="0"/>
      <line num="74" count="3" type="cond" truecount="2" falsecount="0"/>
      <line num="75" count="1" type="stmt"/>
      <line num="76" count="1" type="stmt"/>
      <line num="77" count="1" type="stmt"/>
      <line num="79" count="2" type="stmt"/>
      <line num="82" count="54" type="cond" truecount="2" falsecount="0"/>
      <line num="84" count="41" type="stmt"/>
      <line num="123" count="6" type="stmt"/>
      <line num="142" count="6" type="stmt"/>
      <line num="161" count="0" type="stmt"/>
      <line num="188" count="2" type="stmt"/>
    </file>
    <file name="RecordatoriosClient.tsx" path="C:\Dev\app-presupuesto\src\components\features\RecordatoriosClient.tsx">
      <metrics statements="39" coveredstatements="37" conditionals="36" coveredconditionals="23" methods="13" coveredmethods="9"/>
      <line num="3" count="1" type="stmt"/>
      <line num="4" count="1" type="stmt"/>
      <line num="5" count="1" type="stmt"/>
      <line num="14" count="1" type="stmt"/>
      <line num="15" count="10" type="stmt"/>
      <line num="21" count="1" type="stmt"/>
      <line num="22" count="10" type="stmt"/>
      <line num="23" count="10" type="stmt"/>
      <line num="24" count="10" type="stmt"/>
      <line num="25" count="10" type="cond" truecount="1" falsecount="1"/>
      <line num="26" count="0" type="stmt"/>
      <line num="29" count="1" type="stmt"/>
      <line num="30" count="12" type="stmt"/>
      <line num="31" count="12" type="stmt"/>
      <line num="32" count="12" type="stmt"/>
      <line num="33" count="12" type="stmt"/>
      <line num="34" count="12" type="stmt"/>
      <line num="36" count="12" type="stmt"/>
      <line num="37" count="12" type="stmt"/>
      <line num="38" count="12" type="stmt"/>
      <line num="40" count="12" type="stmt"/>
      <line num="41" count="2" type="stmt"/>
      <line num="42" count="2" type="stmt"/>
      <line num="43" count="2" type="stmt"/>
      <line num="44" count="2" type="stmt"/>
      <line num="45" count="2" type="cond" truecount="2" falsecount="0"/>
      <line num="48" count="12" type="stmt"/>
      <line num="49" count="1" type="stmt"/>
      <line num="50" count="1" type="stmt"/>
      <line num="51" count="1" type="stmt"/>
      <line num="54" count="12" type="stmt"/>
      <line num="56" count="12" type="stmt"/>
      <line num="100" count="10" type="stmt"/>
      <line num="101" count="10" type="stmt"/>
      <line num="102" count="10" type="stmt"/>
      <line num="139" count="0" type="stmt"/>
      <line num="150" count="2" type="stmt"/>
      <line num="170" count="1" type="stmt"/>
      <line num="193" count="1" type="stmt"/>
    </file>
  </project>
</coverage>
