{"C:\\Dev\\app-presupuesto\\src\\components\\features\\CategoriaModal.tsx": {"path":"C:\\Dev\\app-presupuesto\\src\\components\\features\\CategoriaModal.tsx","statementMap":{"0":{"start":{"line":3,"column":0},"end":{"line":3,"column":61}},"1":{"start":{"line":4,"column":0},"end":{"line":4,"column":94}},"2":{"start":{"line":18,"column":23},"end":{"line":22,"column":2}},"3":{"start":{"line":24,"column":48},"end":{"line":136,"column":1}},"4":{"start":{"line":25,"column":20},"end":{"line":25,"column":43}},"5":{"start":{"line":26,"column":26},"end":{"line":26,"column":38}},"6":{"start":{"line":27,"column":28},"end":{"line":27,"column":47}},"7":{"start":{"line":28,"column":32},"end":{"line":28,"column":47}},"8":{"start":{"line":29,"column":28},"end":{"line":29,"column":57}},"9":{"start":{"line":30,"column":18},"end":{"line":30,"column":48}},"10":{"start":{"line":32,"column":2},"end":{"line":39,"column":26}},"11":{"start":{"line":33,"column":4},"end":{"line":38,"column":5}},"12":{"start":{"line":34,"column":6},"end":{"line":34,"column":37}},"13":{"start":{"line":35,"column":6},"end":{"line":35,"column":46}},"14":{"start":{"line":36,"column":6},"end":{"line":36,"column":21}},"15":{"start":{"line":37,"column":6},"end":{"line":37,"column":53}},"16":{"start":{"line":37,"column":23},"end":{"line":37,"column":49}},"17":{"start":{"line":41,"column":2},"end":{"line":46,"column":24}},"18":{"start":{"line":42,"column":4},"end":{"line":42,"column":24}},"19":{"start":{"line":42,"column":17},"end":{"line":42,"column":24}},"20":{"start":{"line":43,"column":18},"end":{"line":43,"column":78}},"21":{"start":{"line":43,"column":42},"end":{"line":43,"column":76}},"22":{"start":{"line":43,"column":66},"end":{"line":43,"column":76}},"23":{"start":{"line":44,"column":4},"end":{"line":44,"column":46}},"24":{"start":{"line":45,"column":4},"end":{"line":45,"column":62}},"25":{"start":{"line":45,"column":17},"end":{"line":45,"column":61}},"26":{"start":{"line":48,"column":23},"end":{"line":64,"column":3}},"27":{"start":{"line":49,"column":4},"end":{"line":49,"column":23}},"28":{"start":{"line":50,"column":4},"end":{"line":50,"column":19}},"29":{"start":{"line":51,"column":4},"end":{"line":51,"column":70}},"30":{"start":{"line":51,"column":24},"end":{"line":51,"column":60}},"31":{"start":{"line":51,"column":61},"end":{"line":51,"column":68}},"32":{"start":{"line":52,"column":4},"end":{"line":52,"column":21}},"33":{"start":{"line":54,"column":19},"end":{"line":56,"column":58}},"34":{"start":{"line":58,"column":4},"end":{"line":62,"column":5}},"35":{"start":{"line":59,"column":6},"end":{"line":59,"column":29}},"36":{"start":{"line":60,"column":6},"end":{"line":60,"column":24}},"37":{"start":{"line":61,"column":6},"end":{"line":61,"column":13}},"38":{"start":{"line":63,"column":4},"end":{"line":63,"column":14}},"39":{"start":{"line":66,"column":2},"end":{"line":66,"column":27}},"40":{"start":{"line":66,"column":15},"end":{"line":66,"column":27}},"41":{"start":{"line":68,"column":2},"end":{"line":135,"column":4}},"42":{"start":{"line":94,"column":31},"end":{"line":94,"column":54}},"43":{"start":{"line":105,"column":16},"end":{"line":106,"column":null}},"44":{"start":{"line":108,"column":33},"end":{"line":108,"column":44}},"45":{"start":{"line":138,"column":0},"end":{"line":138,"column":30}}},"fnMap":{"0":{"name":"(anonymous_0)","decl":{"start":{"line":24,"column":48},"end":{"line":24,"column":49}},"loc":{"start":{"line":24,"column":83},"end":{"line":136,"column":1}}},"1":{"name":"(anonymous_1)","decl":{"start":{"line":32,"column":12},"end":{"line":32,"column":15}},"loc":{"start":{"line":32,"column":17},"end":{"line":39,"column":3}}},"2":{"name":"(anonymous_2)","decl":{"start":{"line":37,"column":17},"end":{"line":37,"column":20}},"loc":{"start":{"line":37,"column":22},"end":{"line":37,"column":49}}},"3":{"name":"(anonymous_3)","decl":{"start":{"line":41,"column":12},"end":{"line":41,"column":15}},"loc":{"start":{"line":41,"column":17},"end":{"line":46,"column":3}}},"4":{"name":"(anonymous_4)","decl":{"start":{"line":43,"column":18},"end":{"line":43,"column":19}},"loc":{"start":{"line":43,"column":39},"end":{"line":43,"column":78}}},"5":{"name":"(anonymous_5)","decl":{"start":{"line":45,"column":11},"end":{"line":45,"column":14}},"loc":{"start":{"line":45,"column":17},"end":{"line":45,"column":61}}},"6":{"name":"(anonymous_6)","decl":{"start":{"line":48,"column":23},"end":{"line":48,"column":28}},"loc":{"start":{"line":48,"column":52},"end":{"line":64,"column":3}}},"7":{"name":"(anonymous_7)","decl":{"start":{"line":94,"column":24},"end":{"line":94,"column":25}},"loc":{"start":{"line":94,"column":31},"end":{"line":94,"column":54}}},"8":{"name":"(anonymous_8)","decl":{"start":{"line":104,"column":34},"end":{"line":104,"column":35}},"loc":{"start":{"line":105,"column":16},"end":{"line":106,"column":null}}},"9":{"name":"(anonymous_9)","decl":{"start":{"line":108,"column":27},"end":{"line":108,"column":30}},"loc":{"start":{"line":108,"column":33},"end":{"line":108,"column":44}}}},"branchMap":{"0":{"loc":{"start":{"line":33,"column":4},"end":{"line":38,"column":5}},"type":"if","locations":[{"start":{"line":33,"column":4},"end":{"line":38,"column":5}},{"start":{},"end":{}}]},"1":{"loc":{"start":{"line":34,"column":14},"end":{"line":34,"column":35}},"type":"cond-expr","locations":[{"start":{"line":34,"column":29},"end":{"line":34,"column":33}},{"start":{"line":34,"column":33},"end":{"line":34,"column":35}}]},"2":{"loc":{"start":{"line":34,"column":14},"end":{"line":34,"column":33}},"type":"binary-expr","locations":[{"start":{"line":34,"column":14},"end":{"line":34,"column":33}},{"start":{"line":34,"column":29},"end":{"line":34,"column":33}}]},"3":{"loc":{"start":{"line":34,"column":14},"end":{"line":34,"column":29}},"type":"cond-expr","locations":[{"start":{"line":34,"column":23},"end":{"line":34,"column":25}},{"start":{"line":34,"column":14},"end":{"line":34,"column":29}}]},"4":{"loc":{"start":{"line":34,"column":14},"end":{"line":34,"column":25}},"type":"binary-expr","locations":[{"start":{"line":34,"column":14},"end":{"line":34,"column":25}},{"start":{"line":34,"column":14},"end":{"line":34,"column":25}}]},"5":{"loc":{"start":{"line":35,"column":15},"end":{"line":35,"column":44}},"type":"cond-expr","locations":[{"start":{"line":35,"column":31},"end":{"line":35,"column":35}},{"start":{"line":35,"column":35},"end":{"line":35,"column":44}}]},"6":{"loc":{"start":{"line":35,"column":15},"end":{"line":35,"column":35}},"type":"binary-expr","locations":[{"start":{"line":35,"column":15},"end":{"line":35,"column":35}},{"start":{"line":35,"column":31},"end":{"line":35,"column":35}}]},"7":{"loc":{"start":{"line":35,"column":15},"end":{"line":35,"column":31}},"type":"cond-expr","locations":[{"start":{"line":35,"column":24},"end":{"line":35,"column":26}},{"start":{"line":35,"column":15},"end":{"line":35,"column":31}}]},"8":{"loc":{"start":{"line":35,"column":15},"end":{"line":35,"column":26}},"type":"binary-expr","locations":[{"start":{"line":35,"column":15},"end":{"line":35,"column":26}},{"start":{"line":35,"column":15},"end":{"line":35,"column":26}}]},"9":{"loc":{"start":{"line":37,"column":23},"end":{"line":37,"column":47}},"type":"cond-expr","locations":[{"start":{"line":37,"column":38},"end":{"line":37,"column":40}},{"start":{"line":37,"column":38},"end":{"line":37,"column":47}}]},"10":{"loc":{"start":{"line":37,"column":23},"end":{"line":37,"column":40}},"type":"binary-expr","locations":[{"start":{"line":37,"column":23},"end":{"line":37,"column":40}},{"start":{"line":37,"column":38},"end":{"line":37,"column":40}}]},"11":{"loc":{"start":{"line":42,"column":4},"end":{"line":42,"column":24}},"type":"if","locations":[{"start":{"line":42,"column":4},"end":{"line":42,"column":24}},{"start":{},"end":{}}]},"12":{"loc":{"start":{"line":43,"column":42},"end":{"line":43,"column":76}},"type":"if","locations":[{"start":{"line":43,"column":42},"end":{"line":43,"column":76}},{"start":{},"end":{}}]},"13":{"loc":{"start":{"line":51,"column":4},"end":{"line":51,"column":70}},"type":"if","locations":[{"start":{"line":51,"column":4},"end":{"line":51,"column":70}},{"start":{},"end":{}}]},"14":{"loc":{"start":{"line":54,"column":19},"end":{"line":56,"column":58}},"type":"cond-expr","locations":[{"start":{"line":55,"column":8},"end":{"line":55,"column":77}},{"start":{"line":56,"column":8},"end":{"line":56,"column":58}}]},"15":{"loc":{"start":{"line":54,"column":19},"end":{"line":54,"column":41}},"type":"binary-expr","locations":[{"start":{"line":54,"column":19},"end":{"line":54,"column":28}},{"start":{"line":54,"column":32},"end":{"line":54,"column":41}}]},"16":{"loc":{"start":{"line":58,"column":4},"end":{"line":62,"column":5}},"type":"if","locations":[{"start":{"line":58,"column":4},"end":{"line":62,"column":5}},{"start":{},"end":{}}]},"17":{"loc":{"start":{"line":66,"column":2},"end":{"line":66,"column":27}},"type":"if","locations":[{"start":{"line":66,"column":2},"end":{"line":66,"column":27}},{"start":{},"end":{}}]},"18":{"loc":{"start":{"line":74,"column":13},"end":{"line":74,"column":63}},"type":"cond-expr","locations":[{"start":{"line":74,"column":25},"end":{"line":74,"column":43}},{"start":{"line":74,"column":46},"end":{"line":74,"column":63}}]},"19":{"loc":{"start":{"line":109,"column":74},"end":{"line":109,"column":154}},"type":"cond-expr","locations":[{"start":{"line":109,"column":88},"end":{"line":109,"column":134}},{"start":{"line":109,"column":137},"end":{"line":109,"column":154}}]},"20":{"loc":{"start":{"line":118,"column":55},"end":{"line":118,"column":77}},"type":"binary-expr","locations":[{"start":{"line":118,"column":55},"end":{"line":118,"column":59}},{"start":{"line":118,"column":63},"end":{"line":118,"column":77}}]},"21":{"loc":{"start":{"line":122,"column":11},"end":{"line":123,"column":null}},"type":"binary-expr","locations":[{"start":{"line":122,"column":11},"end":{"line":122,"column":16}},{"start":{"line":123,"column":12},"end":{"line":123,"column":112}}]},"22":{"loc":{"start":{"line":129,"column":15},"end":{"line":129,"column":91}},"type":"cond-expr","locations":[{"start":{"line":129,"column":25},"end":{"line":129,"column":39}},{"start":{"line":129,"column":42},"end":{"line":129,"column":91}}]},"23":{"loc":{"start":{"line":129,"column":42},"end":{"line":129,"column":91}},"type":"cond-expr","locations":[{"start":{"line":129,"column":54},"end":{"line":129,"column":71}},{"start":{"line":129,"column":74},"end":{"line":129,"column":91}}]}},"s":{"0":2,"1":2,"2":2,"3":2,"4":53,"5":53,"6":53,"7":53,"8":53,"9":53,"10":53,"11":24,"12":14,"13":14,"14":14,"15":14,"16":5,"17":53,"18":38,"19":24,"20":14,"21":0,"22":0,"23":14,"24":14,"25":14,"26":53,"27":1,"28":1,"29":1,"30":0,"31":0,"32":1,"33":1,"34":1,"35":0,"36":0,"37":0,"38":1,"39":53,"40":24,"41":29,"42":5,"43":435,"44":1,"45":2},"f":{"0":53,"1":24,"2":5,"3":38,"4":0,"5":14,"6":1,"7":5,"8":435,"9":1},"b":{"0":[14,10],"1":[3,11],"2":[14,14],"3":[11,3],"4":[14,14],"5":[3,11],"6":[14,14],"7":[11,3],"8":[14,14],"9":[5,0],"10":[5,0],"11":[24,14],"12":[0,0],"13":[0,1],"14":[1,0],"15":[1,1],"16":[0,1],"17":[24,29],"18":[8,21],"19":[29,406],"20":[29,16],"21":[29,0],"22":[1,28],"23":[7,21]}}
,"C:\\Dev\\app-presupuesto\\src\\components\\features\\ConfiguracionClient.tsx": {"path":"C:\\Dev\\app-presupuesto\\src\\components\\features\\ConfiguracionClient.tsx","statementMap":{"0":{"start":{"line":3,"column":0},"end":{"line":3,"column":42}},"1":{"start":{"line":4,"column":0},"end":{"line":4,"column":66}},"2":{"start":{"line":5,"column":0},"end":{"line":5,"column":98}},"3":{"start":{"line":20,"column":58},"end":{"line":189,"column":1}},"4":{"start":{"line":24,"column":24},"end":{"line":24,"column":47}},"5":{"start":{"line":27,"column":26},"end":{"line":27,"column":47}},"6":{"start":{"line":28,"column":42},"end":{"line":28,"column":57}},"7":{"start":{"line":29,"column":36},"end":{"line":29,"column":88}},"8":{"start":{"line":32,"column":42},"end":{"line":32,"column":57}},"9":{"start":{"line":33,"column":40},"end":{"line":33,"column":82}},"10":{"start":{"line":34,"column":44},"end":{"line":34,"column":73}},"11":{"start":{"line":35,"column":34},"end":{"line":35,"column":63}},"12":{"start":{"line":37,"column":27},"end":{"line":48,"column":3}},"13":{"start":{"line":38,"column":4},"end":{"line":38,"column":23}},"14":{"start":{"line":39,"column":4},"end":{"line":39,"column":23}},"15":{"start":{"line":40,"column":4},"end":{"line":40,"column":26}},"16":{"start":{"line":41,"column":19},"end":{"line":41,"column":62}},"17":{"start":{"line":42,"column":4},"end":{"line":42,"column":27}},"18":{"start":{"line":43,"column":4},"end":{"line":47,"column":5}},"19":{"start":{"line":44,"column":6},"end":{"line":44,"column":54}},"20":{"start":{"line":46,"column":6},"end":{"line":46,"column":76}},"21":{"start":{"line":50,"column":26},"end":{"line":56,"column":3}},"22":{"start":{"line":51,"column":4},"end":{"line":51,"column":22}},"23":{"start":{"line":52,"column":4},"end":{"line":52,"column":25}},"24":{"start":{"line":53,"column":19},"end":{"line":53,"column":46}},"25":{"start":{"line":54,"column":4},"end":{"line":54,"column":27}},"26":{"start":{"line":55,"column":4},"end":{"line":55,"column":53}},"27":{"start":{"line":55,"column":27},"end":{"line":55,"column":53}},"28":{"start":{"line":58,"column":45},"end":{"line":61,"column":4}},"29":{"start":{"line":63,"column":2},"end":{"line":188,"column":4}},"30":{"start":{"line":68,"column":10},"end":{"line":69,"column":null}},"31":{"start":{"line":71,"column":27},"end":{"line":71,"column":39}},"32":{"start":{"line":95,"column":31},"end":{"line":95,"column":54}},"33":{"start":{"line":126,"column":31},"end":{"line":126,"column":57}},"34":{"start":{"line":126,"column":58},"end":{"line":126,"column":80}},"35":{"start":{"line":147,"column":16},"end":{"line":147,"column":34}},"36":{"start":{"line":152,"column":37},"end":{"line":152,"column":57}},"37":{"start":{"line":152,"column":58},"end":{"line":152,"column":80}},"38":{"start":{"line":163,"column":35},"end":{"line":163,"column":58}},"39":{"start":{"line":184,"column":25},"end":{"line":184,"column":48}},"40":{"start":{"line":184,"column":49},"end":{"line":184,"column":75}},"41":{"start":{"line":191,"column":0},"end":{"line":191,"column":35}}},"fnMap":{"0":{"name":"(anonymous_1)","decl":{"start":{"line":20,"column":58},"end":{"line":20,"column":59}},"loc":{"start":{"line":23,"column":5},"end":{"line":189,"column":1}}},"1":{"name":"(anonymous_2)","decl":{"start":{"line":37,"column":27},"end":{"line":37,"column":32}},"loc":{"start":{"line":37,"column":56},"end":{"line":48,"column":3}}},"2":{"name":"(anonymous_3)","decl":{"start":{"line":50,"column":26},"end":{"line":50,"column":31}},"loc":{"start":{"line":50,"column":47},"end":{"line":56,"column":3}}},"3":{"name":"(anonymous_4)","decl":{"start":{"line":67,"column":18},"end":{"line":67,"column":19}},"loc":{"start":{"line":68,"column":10},"end":{"line":69,"column":null}}},"4":{"name":"(anonymous_5)","decl":{"start":{"line":71,"column":21},"end":{"line":71,"column":24}},"loc":{"start":{"line":71,"column":27},"end":{"line":71,"column":39}}},"5":{"name":"(anonymous_6)","decl":{"start":{"line":95,"column":24},"end":{"line":95,"column":25}},"loc":{"start":{"line":95,"column":31},"end":{"line":95,"column":54}}},"6":{"name":"(anonymous_7)","decl":{"start":{"line":126,"column":23},"end":{"line":126,"column":26}},"loc":{"start":{"line":126,"column":28},"end":{"line":126,"column":82}}},"7":{"name":"(anonymous_8)","decl":{"start":{"line":146,"column":30},"end":{"line":146,"column":31}},"loc":{"start":{"line":147,"column":16},"end":{"line":147,"column":34}}},"8":{"name":"(anonymous_9)","decl":{"start":{"line":152,"column":29},"end":{"line":152,"column":32}},"loc":{"start":{"line":152,"column":34},"end":{"line":152,"column":82}}},"9":{"name":"(anonymous_10)","decl":{"start":{"line":163,"column":29},"end":{"line":163,"column":32}},"loc":{"start":{"line":163,"column":35},"end":{"line":163,"column":58}}},"10":{"name":"(anonymous_11)","decl":{"start":{"line":184,"column":17},"end":{"line":184,"column":20}},"loc":{"start":{"line":184,"column":22},"end":{"line":184,"column":77}}}},"branchMap":{"0":{"loc":{"start":{"line":43,"column":4},"end":{"line":47,"column":5}},"type":"if","locations":[{"start":{"line":43,"column":4},"end":{"line":47,"column":5}},{"start":{"line":45,"column":11},"end":{"line":47,"column":5}}]},"1":{"loc":{"start":{"line":55,"column":4},"end":{"line":55,"column":53}},"type":"if","locations":[{"start":{"line":55,"column":4},"end":{"line":55,"column":53}},{"start":{},"end":{}}]},"2":{"loc":{"start":{"line":73,"column":14},"end":{"line":75,"column":null}},"type":"cond-expr","locations":[{"start":{"line":74,"column":18},"end":{"line":74,"column":78}},{"start":{"line":75,"column":18},"end":{"line":75,"column":null}}]},"3":{"loc":{"start":{"line":84,"column":7},"end":{"line":114,"column":null}},"type":"binary-expr","locations":[{"start":{"line":84,"column":7},"end":{"line":84,"column":23}},{"start":{"line":85,"column":8},"end":{"line":113,"column":null}}]},"4":{"loc":{"start":{"line":101,"column":11},"end":{"line":104,"column":null}},"type":"binary-expr","locations":[{"start":{"line":101,"column":11},"end":{"line":101,"column":20}},{"start":{"line":102,"column":12},"end":{"line":103,"column":null}}]},"5":{"loc":{"start":{"line":102,"column":58},"end":{"line":102,"column":180}},"type":"cond-expr","locations":[{"start":{"line":102,"column":73},"end":{"line":102,"column":131}},{"start":{"line":102,"column":134},"end":{"line":102,"column":180}}]},"6":{"loc":{"start":{"line":112,"column":13},"end":{"line":112,"column":62}},"type":"cond-expr","locations":[{"start":{"line":112,"column":28},"end":{"line":112,"column":42}},{"start":{"line":112,"column":45},"end":{"line":112,"column":62}}]},"7":{"loc":{"start":{"line":118,"column":7},"end":{"line":179,"column":null}},"type":"binary-expr","locations":[{"start":{"line":118,"column":7},"end":{"line":118,"column":27}},{"start":{"line":119,"column":8},"end":{"line":178,"column":null}}]},"8":{"loc":{"start":{"line":122,"column":44},"end":{"line":122,"column":78}},"type":"cond-expr","locations":[{"start":{"line":122,"column":70},"end":{"line":122,"column":73}},{"start":{"line":122,"column":76},"end":{"line":122,"column":78}}]},"9":{"loc":{"start":{"line":136,"column":11},"end":{"line":137,"column":null}},"type":"binary-expr","locations":[{"start":{"line":136,"column":11},"end":{"line":136,"column":19}},{"start":{"line":137,"column":12},"end":{"line":137,"column":119}}]},"10":{"loc":{"start":{"line":140,"column":11},"end":{"line":177,"column":null}},"type":"cond-expr","locations":[{"start":{"line":141,"column":12},"end":{"line":142,"column":null}},{"start":{"line":145,"column":12},"end":{"line":176,"column":null}}]}},"s":{"0":1,"1":1,"2":1,"3":1,"4":23,"5":23,"6":23,"7":23,"8":23,"9":23,"10":23,"11":23,"12":23,"13":3,"14":3,"15":3,"16":3,"17":3,"18":3,"19":1,"20":2,"21":23,"22":2,"23":2,"24":2,"25":2,"26":2,"27":1,"28":23,"29":23,"30":46,"31":3,"32":1,"33":0,"34":0,"35":14,"36":0,"37":0,"38":2,"39":0,"40":0,"41":1},"f":{"0":23,"1":3,"2":2,"3":46,"4":3,"5":1,"6":0,"7":14,"8":0,"9":2,"10":0},"b":{"0":[1,2],"1":[1,1],"2":[23,23],"3":[23,16],"4":[16,3],"5":[2,1],"6":[3,13],"7":[23,7],"8":[7,0],"9":[7,1],"10":[0,7]}}
,"C:\\Dev\\app-presupuesto\\src\\components\\features\\GraficosClient.tsx": {"path":"C:\\Dev\\app-presupuesto\\src\\components\\features\\GraficosClient.tsx","statementMap":{"0":{"start":{"line":4,"column":0},"end":{"line":4,"column":null}},"1":{"start":{"line":39,"column":18},"end":{"line":44,"column":18}},"2":{"start":{"line":40,"column":2},"end":{"line":44,"column":18}},"3":{"start":{"line":46,"column":20},"end":{"line":50,"column":1}},"4":{"start":{"line":47,"column":2},"end":{"line":47,"column":71}},"5":{"start":{"line":47,"column":26},"end":{"line":47,"column":71}},"6":{"start":{"line":48,"column":2},"end":{"line":48,"column":63}},"7":{"start":{"line":48,"column":22},"end":{"line":48,"column":63}},"8":{"start":{"line":49,"column":2},"end":{"line":49,"column":21}},"9":{"start":{"line":52,"column":25},"end":{"line":61,"column":1}},"10":{"start":{"line":53,"column":2},"end":{"line":53,"column":47}},"11":{"start":{"line":53,"column":35},"end":{"line":53,"column":47}},"12":{"start":{"line":54,"column":15},"end":{"line":54,"column":25}},"13":{"start":{"line":55,"column":2},"end":{"line":60,"column":4}},"14":{"start":{"line":63,"column":25},"end":{"line":75,"column":1}},"15":{"start":{"line":64,"column":2},"end":{"line":64,"column":47}},"16":{"start":{"line":64,"column":35},"end":{"line":64,"column":47}},"17":{"start":{"line":65,"column":2},"end":{"line":74,"column":4}},"18":{"start":{"line":69,"column":8},"end":{"line":69,"column":24}},"19":{"start":{"line":77,"column":48},"end":{"line":204,"column":1}},"20":{"start":{"line":84,"column":20},"end":{"line":84,"column":89}},"21":{"start":{"line":86,"column":2},"end":{"line":203,"column":4}},"22":{"start":{"line":134,"column":22},"end":{"line":134,"column":43}},"23":{"start":{"line":143,"column":18},"end":{"line":143,"column":35}},"24":{"start":{"line":192,"column":20},"end":{"line":192,"column":83}},"25":{"start":{"line":206,"column":0},"end":{"line":206,"column":30}}},"fnMap":{"0":{"name":"(anonymous_0)","decl":{"start":{"line":39,"column":18},"end":{"line":39,"column":19}},"loc":{"start":{"line":40,"column":2},"end":{"line":44,"column":18}}},"1":{"name":"(anonymous_1)","decl":{"start":{"line":46,"column":20},"end":{"line":46,"column":21}},"loc":{"start":{"line":46,"column":38},"end":{"line":50,"column":1}}},"2":{"name":"(anonymous_2)","decl":{"start":{"line":52,"column":25},"end":{"line":52,"column":26}},"loc":{"start":{"line":52,"column":141},"end":{"line":61,"column":1}}},"3":{"name":"(anonymous_3)","decl":{"start":{"line":63,"column":25},"end":{"line":63,"column":26}},"loc":{"start":{"line":63,"column":154},"end":{"line":75,"column":1}}},"4":{"name":"(anonymous_4)","decl":{"start":{"line":68,"column":19},"end":{"line":68,"column":20}},"loc":{"start":{"line":69,"column":8},"end":{"line":69,"column":24}}},"5":{"name":"(anonymous_5)","decl":{"start":{"line":77,"column":48},"end":{"line":77,"column":49}},"loc":{"start":{"line":83,"column":5},"end":{"line":204,"column":1}}},"6":{"name":"(anonymous_6)","decl":{"start":{"line":133,"column":44},"end":{"line":133,"column":45}},"loc":{"start":{"line":134,"column":22},"end":{"line":134,"column":43}}},"7":{"name":"(anonymous_7)","decl":{"start":{"line":142,"column":40},"end":{"line":142,"column":41}},"loc":{"start":{"line":143,"column":18},"end":{"line":143,"column":35}}},"8":{"name":"(anonymous_8)","decl":{"start":{"line":191,"column":29},"end":{"line":191,"column":30}},"loc":{"start":{"line":192,"column":20},"end":{"line":192,"column":83}}}},"branchMap":{"0":{"loc":{"start":{"line":47,"column":2},"end":{"line":47,"column":71}},"type":"if","locations":[{"start":{"line":47,"column":2},"end":{"line":47,"column":71}},{"start":{},"end":{}}]},"1":{"loc":{"start":{"line":48,"column":2},"end":{"line":48,"column":63}},"type":"if","locations":[{"start":{"line":48,"column":2},"end":{"line":48,"column":63}},{"start":{},"end":{}}]},"2":{"loc":{"start":{"line":53,"column":2},"end":{"line":53,"column":47}},"type":"if","locations":[{"start":{"line":53,"column":2},"end":{"line":53,"column":47}},{"start":{},"end":{}}]},"3":{"loc":{"start":{"line":53,"column":6},"end":{"line":53,"column":35}},"type":"binary-expr","locations":[{"start":{"line":53,"column":6},"end":{"line":53,"column":13}},{"start":{"line":53,"column":17},"end":{"line":53,"column":35}}]},"4":{"loc":{"start":{"line":53,"column":18},"end":{"line":53,"column":33}},"type":"cond-expr","locations":[{"start":{"line":53,"column":25},"end":{"line":53,"column":27}},{"start":{"line":53,"column":18},"end":{"line":53,"column":33}}]},"5":{"loc":{"start":{"line":53,"column":18},"end":{"line":53,"column":27}},"type":"binary-expr","locations":[{"start":{"line":53,"column":18},"end":{"line":53,"column":27}},{"start":{"line":53,"column":18},"end":{"line":53,"column":27}}]},"6":{"loc":{"start":{"line":64,"column":2},"end":{"line":64,"column":47}},"type":"if","locations":[{"start":{"line":64,"column":2},"end":{"line":64,"column":47}},{"start":{},"end":{}}]},"7":{"loc":{"start":{"line":64,"column":6},"end":{"line":64,"column":35}},"type":"binary-expr","locations":[{"start":{"line":64,"column":6},"end":{"line":64,"column":13}},{"start":{"line":64,"column":17},"end":{"line":64,"column":35}}]},"8":{"loc":{"start":{"line":64,"column":18},"end":{"line":64,"column":33}},"type":"cond-expr","locations":[{"start":{"line":64,"column":25},"end":{"line":64,"column":27}},{"start":{"line":64,"column":18},"end":{"line":64,"column":33}}]},"9":{"loc":{"start":{"line":64,"column":18},"end":{"line":64,"column":27}},"type":"binary-expr","locations":[{"start":{"line":64,"column":18},"end":{"line":64,"column":27}},{"start":{"line":64,"column":18},"end":{"line":64,"column":27}}]},"10":{"loc":{"start":{"line":84,"column":20},"end":{"line":84,"column":89}},"type":"cond-expr","locations":[{"start":{"line":84,"column":38},"end":{"line":84,"column":85}},{"start":{"line":84,"column":88},"end":{"line":84,"column":89}}]},"11":{"loc":{"start":{"line":97,"column":11},"end":{"line":98,"column":null}},"type":"binary-expr","locations":[{"start":{"line":97,"column":11},"end":{"line":97,"column":26}},{"start":{"line":98,"column":12},"end":{"line":98,"column":88}}]},"12":{"loc":{"start":{"line":103,"column":45},"end":{"line":103,"column":97}},"type":"cond-expr","locations":[{"start":{"line":103,"column":62},"end":{"line":103,"column":76}},{"start":{"line":103,"column":79},"end":{"line":103,"column":97}}]},"13":{"loc":{"start":{"line":115,"column":11},"end":{"line":155,"column":null}},"type":"cond-expr","locations":[{"start":{"line":116,"column":12},"end":{"line":117,"column":null}},{"start":{"line":120,"column":12},"end":{"line":154,"column":null}}]},"14":{"loc":{"start":{"line":162,"column":11},"end":{"line":198,"column":null}},"type":"cond-expr","locations":[{"start":{"line":163,"column":12},"end":{"line":164,"column":null}},{"start":{"line":167,"column":12},"end":{"line":197,"column":null}}]}},"s":{"0":1,"1":1,"2":15,"3":1,"4":8,"5":4,"6":4,"7":4,"8":0,"9":1,"10":0,"11":0,"12":0,"13":0,"14":1,"15":0,"16":0,"17":0,"18":0,"19":1,"20":5,"21":5,"22":8,"23":8,"24":0,"25":1},"f":{"0":15,"1":8,"2":0,"3":0,"4":0,"5":5,"6":8,"7":8,"8":0},"b":{"0":[4,4],"1":[4,0],"2":[0,0],"3":[0,0],"4":[0,0],"5":[0,0],"6":[0,0],"7":[0,0],"8":[0,0],"9":[0,0],"10":[5,0],"11":[5,5],"12":[1,4],"13":[1,4],"14":[0,5]}}
,"C:\\Dev\\app-presupuesto\\src\\components\\features\\HistorialClient.tsx": {"path":"C:\\Dev\\app-presupuesto\\src\\components\\features\\HistorialClient.tsx","statementMap":{"0":{"start":{"line":4,"column":0},"end":{"line":4,"column":29}},"1":{"start":{"line":11,"column":18},"end":{"line":16,"column":18}},"2":{"start":{"line":12,"column":2},"end":{"line":16,"column":18}},"3":{"start":{"line":18,"column":17},"end":{"line":21,"column":2}},"4":{"start":{"line":23,"column":50},"end":{"line":106,"column":1}},"5":{"start":{"line":24,"column":2},"end":{"line":43,"column":3}},"6":{"start":{"line":25,"column":4},"end":{"line":42,"column":6}},"7":{"start":{"line":45,"column":2},"end":{"line":105,"column":4}},"8":{"start":{"line":48,"column":26},"end":{"line":50,"column":13}},"9":{"start":{"line":51,"column":24},"end":{"line":51,"column":39}},"10":{"start":{"line":53,"column":8},"end":{"line":102,"column":10}},"11":{"start":{"line":108,"column":0},"end":{"line":108,"column":31}}},"fnMap":{"0":{"name":"(anonymous_1)","decl":{"start":{"line":11,"column":18},"end":{"line":11,"column":19}},"loc":{"start":{"line":12,"column":2},"end":{"line":16,"column":18}}},"1":{"name":"(anonymous_2)","decl":{"start":{"line":23,"column":50},"end":{"line":23,"column":51}},"loc":{"start":{"line":23,"column":64},"end":{"line":106,"column":1}}},"2":{"name":"(anonymous_3)","decl":{"start":{"line":47,"column":17},"end":{"line":47,"column":18}},"loc":{"start":{"line":47,"column":25},"end":{"line":103,"column":7}}}},"branchMap":{"0":{"loc":{"start":{"line":24,"column":2},"end":{"line":43,"column":3}},"type":"if","locations":[{"start":{"line":24,"column":2},"end":{"line":43,"column":3}},{"start":{},"end":{}}]},"1":{"loc":{"start":{"line":48,"column":26},"end":{"line":50,"column":13}},"type":"cond-expr","locations":[{"start":{"line":49,"column":12},"end":{"line":49,"column":82}},{"start":{"line":50,"column":12},"end":{"line":50,"column":13}}]},"2":{"loc":{"start":{"line":64,"column":15},"end":{"line":67,"column":null}},"type":"binary-expr","locations":[{"start":{"line":64,"column":15},"end":{"line":64,"column":22}},{"start":{"line":65,"column":16},"end":{"line":65,"column":null}}]},"3":{"loc":{"start":{"line":79,"column":52},"end":{"line":79,"column":137}},"type":"cond-expr","locations":[{"start":{"line":79,"column":71},"end":{"line":79,"column":83}},{"start":{"line":79,"column":86},"end":{"line":79,"column":137}}]},"4":{"loc":{"start":{"line":79,"column":86},"end":{"line":79,"column":137}},"type":"cond-expr","locations":[{"start":{"line":79,"column":104},"end":{"line":79,"column":118}},{"start":{"line":79,"column":121},"end":{"line":79,"column":137}}]},"5":{"loc":{"start":{"line":98,"column":53},"end":{"line":98,"column":98}},"type":"cond-expr","locations":[{"start":{"line":98,"column":63},"end":{"line":98,"column":77}},{"start":{"line":98,"column":80},"end":{"line":98,"column":98}}]}},"s":{"0":1,"1":1,"2":18,"3":1,"4":1,"5":7,"6":2,"7":5,"8":6,"9":6,"10":6,"11":1},"f":{"0":18,"1":7,"2":6},"b":{"0":[2,5],"1":[6,0],"2":[6,1],"3":[0,6],"4":[0,6],"5":[1,5]}}
,"C:\\Dev\\app-presupuesto\\src\\components\\features\\LoginForm.tsx": {"path":"C:\\Dev\\app-presupuesto\\src\\components\\features\\LoginForm.tsx","statementMap":{"0":{"start":{"line":3,"column":0},"end":{"line":3,"column":42}},"1":{"start":{"line":4,"column":0},"end":{"line":4,"column":68}},"2":{"start":{"line":6,"column":22},"end":{"line":59,"column":1}},"3":{"start":{"line":7,"column":32},"end":{"line":7,"column":74}},"4":{"start":{"line":8,"column":28},"end":{"line":8,"column":57}},"5":{"start":{"line":10,"column":22},"end":{"line":26,"column":3}},"6":{"start":{"line":11,"column":4},"end":{"line":11,"column":25}},"7":{"start":{"line":12,"column":4},"end":{"line":12,"column":19}},"8":{"start":{"line":14,"column":21},"end":{"line":14,"column":50}},"9":{"start":{"line":15,"column":33},"end":{"line":20,"column":6}},"10":{"start":{"line":22,"column":4},"end":{"line":25,"column":5}},"11":{"start":{"line":23,"column":6},"end":{"line":23,"column":63}},"12":{"start":{"line":24,"column":6},"end":{"line":24,"column":23}},"13":{"start":{"line":28,"column":2},"end":{"line":58,"column":4}},"14":{"start":{"line":38,"column":23},"end":{"line":38,"column":44}},"15":{"start":{"line":49,"column":23},"end":{"line":49,"column":44}},"16":{"start":{"line":61,"column":23},"end":{"line":79,"column":null}},"17":{"start":{"line":62,"column":2},"end":{"line":78,"column":null}},"18":{"start":{"line":82,"column":23},"end":{"line":85,"column":null}},"19":{"start":{"line":83,"column":2},"end":{"line":84,"column":null}},"20":{"start":{"line":88,"column":0},"end":{"line":88,"column":25}}},"fnMap":{"0":{"name":"(anonymous_0)","decl":{"start":{"line":6,"column":22},"end":{"line":6,"column":25}},"loc":{"start":{"line":6,"column":27},"end":{"line":59,"column":1}}},"1":{"name":"(anonymous_1)","decl":{"start":{"line":10,"column":22},"end":{"line":10,"column":27}},"loc":{"start":{"line":10,"column":62},"end":{"line":26,"column":3}}},"2":{"name":"(anonymous_2)","decl":{"start":{"line":38,"column":17},"end":{"line":38,"column":20}},"loc":{"start":{"line":38,"column":23},"end":{"line":38,"column":44}}},"3":{"name":"(anonymous_3)","decl":{"start":{"line":49,"column":17},"end":{"line":49,"column":20}},"loc":{"start":{"line":49,"column":23},"end":{"line":49,"column":44}}},"4":{"name":"(anonymous_4)","decl":{"start":{"line":61,"column":23},"end":{"line":61,"column":26}},"loc":{"start":{"line":62,"column":2},"end":{"line":78,"column":null}}},"5":{"name":"(anonymous_5)","decl":{"start":{"line":82,"column":23},"end":{"line":82,"column":26}},"loc":{"start":{"line":83,"column":2},"end":{"line":84,"column":null}}}},"branchMap":{"0":{"loc":{"start":{"line":22,"column":4},"end":{"line":25,"column":5}},"type":"if","locations":[{"start":{"line":22,"column":4},"end":{"line":25,"column":5}},{"start":{},"end":{}}]},"1":{"loc":{"start":{"line":30,"column":7},"end":{"line":33,"column":null}},"type":"binary-expr","locations":[{"start":{"line":30,"column":7},"end":{"line":30,"column":12}},{"start":{"line":31,"column":8},"end":{"line":32,"column":null}}]},"2":{"loc":{"start":{"line":44,"column":9},"end":{"line":44,"column":74}},"type":"cond-expr","locations":[{"start":{"line":44,"column":32},"end":{"line":44,"column":49}},{"start":{"line":44,"column":52},"end":{"line":44,"column":74}}]},"3":{"loc":{"start":{"line":55,"column":9},"end":{"line":55,"column":74}},"type":"cond-expr","locations":[{"start":{"line":55,"column":32},"end":{"line":55,"column":49}},{"start":{"line":55,"column":52},"end":{"line":55,"column":74}}]}},"s":{"0":1,"1":1,"2":1,"3":17,"4":17,"5":17,"6":6,"7":6,"8":6,"9":6,"10":4,"11":2,"12":2,"13":17,"14":4,"15":2,"16":1,"17":17,"18":1,"19":17,"20":1},"f":{"0":17,"1":6,"2":4,"3":2,"4":17,"5":17},"b":{"0":[2,2],"1":[17,2],"2":[4,13],"3":[2,15]}}
,"C:\\Dev\\app-presupuesto\\src\\components\\features\\OnboardingForm.tsx": {"path":"C:\\Dev\\app-presupuesto\\src\\components\\features\\OnboardingForm.tsx","statementMap":{"0":{"start":{"line":3,"column":0},"end":{"line":3,"column":42}},"1":{"start":{"line":4,"column":0},"end":{"line":4,"column":79}},"2":{"start":{"line":5,"column":0},"end":{"line":5,"column":44}},"3":{"start":{"line":7,"column":27},"end":{"line":58,"column":1}},"4":{"start":{"line":8,"column":17},"end":{"line":8,"column":28}},"5":{"start":{"line":9,"column":30},"end":{"line":9,"column":42}},"6":{"start":{"line":10,"column":32},"end":{"line":10,"column":47}},"7":{"start":{"line":11,"column":28},"end":{"line":11,"column":57}},"8":{"start":{"line":14,"column":23},"end":{"line":25,"column":3}},"9":{"start":{"line":15,"column":4},"end":{"line":15,"column":23}},"10":{"start":{"line":16,"column":4},"end":{"line":16,"column":19}},"11":{"start":{"line":17,"column":4},"end":{"line":17,"column":21}},"12":{"start":{"line":18,"column":19},"end":{"line":18,"column":67}},"13":{"start":{"line":19,"column":4},"end":{"line":19,"column":22}},"14":{"start":{"line":20,"column":4},"end":{"line":24,"column":5}},"15":{"start":{"line":21,"column":6},"end":{"line":21,"column":29}},"16":{"start":{"line":23,"column":6},"end":{"line":23,"column":36}},"17":{"start":{"line":27,"column":2},"end":{"line":57,"column":4}},"18":{"start":{"line":42,"column":27},"end":{"line":42,"column":52}},"19":{"start":{"line":60,"column":0},"end":{"line":60,"column":30}}},"fnMap":{"0":{"name":"(anonymous_0)","decl":{"start":{"line":7,"column":27},"end":{"line":7,"column":30}},"loc":{"start":{"line":7,"column":32},"end":{"line":58,"column":1}}},"1":{"name":"(anonymous_1)","decl":{"start":{"line":14,"column":23},"end":{"line":14,"column":28}},"loc":{"start":{"line":14,"column":52},"end":{"line":25,"column":3}}},"2":{"name":"(anonymous_2)","decl":{"start":{"line":42,"column":20},"end":{"line":42,"column":21}},"loc":{"start":{"line":42,"column":27},"end":{"line":42,"column":52}}}},"branchMap":{"0":{"loc":{"start":{"line":20,"column":4},"end":{"line":24,"column":5}},"type":"if","locations":[{"start":{"line":20,"column":4},"end":{"line":24,"column":5}},{"start":{"line":22,"column":11},"end":{"line":24,"column":5}}]},"1":{"loc":{"start":{"line":20,"column":8},"end":{"line":20,"column":35}},"type":"binary-expr","locations":[{"start":{"line":20,"column":8},"end":{"line":20,"column":14}},{"start":{"line":20,"column":18},"end":{"line":20,"column":35}}]},"2":{"loc":{"start":{"line":29,"column":7},"end":{"line":32,"column":null}},"type":"binary-expr","locations":[{"start":{"line":29,"column":7},"end":{"line":29,"column":12}},{"start":{"line":30,"column":8},"end":{"line":31,"column":null}}]},"3":{"loc":{"start":{"line":54,"column":9},"end":{"line":54,"column":47}},"type":"cond-expr","locations":[{"start":{"line":54,"column":19},"end":{"line":54,"column":33}},{"start":{"line":54,"column":36},"end":{"line":54,"column":47}}]}},"s":{"0":1,"1":1,"2":1,"3":1,"4":16,"5":16,"6":16,"7":16,"8":16,"9":3,"10":3,"11":3,"12":3,"13":2,"14":2,"15":1,"16":1,"17":16,"18":3,"19":1},"f":{"0":16,"1":3,"2":3},"b":{"0":[1,1],"1":[2,1],"2":[16,1],"3":[3,13]}}
,"C:\\Dev\\app-presupuesto\\src\\components\\features\\RecordatorioModal.tsx": {"path":"C:\\Dev\\app-presupuesto\\src\\components\\features\\RecordatorioModal.tsx","statementMap":{"0":{"start":{"line":3,"column":0},"end":{"line":3,"column":61}},"1":{"start":{"line":4,"column":0},"end":{"line":4,"column":100}},"2":{"start":{"line":15,"column":20},"end":{"line":19,"column":1}},"3":{"start":{"line":16,"column":17},"end":{"line":16,"column":39}},"4":{"start":{"line":17,"column":2},"end":{"line":17,"column":25}},"5":{"start":{"line":17,"column":15},"end":{"line":17,"column":25}},"6":{"start":{"line":18,"column":2},"end":{"line":18,"column":93}},"7":{"start":{"line":20,"column":19},"end":{"line":23,"column":1}},"8":{"start":{"line":21,"column":17},"end":{"line":21,"column":39}},"9":{"start":{"line":22,"column":2},"end":{"line":22,"column":37}},"10":{"start":{"line":25,"column":54},"end":{"line":186,"column":1}},"11":{"start":{"line":26,"column":20},"end":{"line":26,"column":46}},"12":{"start":{"line":28,"column":26},"end":{"line":28,"column":38}},"13":{"start":{"line":29,"column":30},"end":{"line":29,"column":42}},"14":{"start":{"line":30,"column":38},"end":{"line":30,"column":50}},"15":{"start":{"line":31,"column":32},"end":{"line":31,"column":47}},"16":{"start":{"line":32,"column":28},"end":{"line":32,"column":57}},"17":{"start":{"line":33,"column":18},"end":{"line":33,"column":48}},"18":{"start":{"line":35,"column":2},"end":{"line":43,"column":29}},"19":{"start":{"line":36,"column":4},"end":{"line":42,"column":5}},"20":{"start":{"line":37,"column":6},"end":{"line":37,"column":40}},"21":{"start":{"line":38,"column":6},"end":{"line":38,"column":86}},"22":{"start":{"line":39,"column":6},"end":{"line":39,"column":89}},"23":{"start":{"line":40,"column":6},"end":{"line":40,"column":21}},"24":{"start":{"line":41,"column":6},"end":{"line":41,"column":53}},"25":{"start":{"line":41,"column":23},"end":{"line":41,"column":49}},"26":{"start":{"line":45,"column":2},"end":{"line":50,"column":24}},"27":{"start":{"line":46,"column":4},"end":{"line":46,"column":24}},"28":{"start":{"line":46,"column":17},"end":{"line":46,"column":24}},"29":{"start":{"line":47,"column":18},"end":{"line":47,"column":78}},"30":{"start":{"line":47,"column":42},"end":{"line":47,"column":76}},"31":{"start":{"line":47,"column":66},"end":{"line":47,"column":76}},"32":{"start":{"line":48,"column":4},"end":{"line":48,"column":46}},"33":{"start":{"line":49,"column":4},"end":{"line":49,"column":62}},"34":{"start":{"line":49,"column":17},"end":{"line":49,"column":61}},"35":{"start":{"line":52,"column":23},"end":{"line":80,"column":3}},"36":{"start":{"line":53,"column":4},"end":{"line":53,"column":23}},"37":{"start":{"line":54,"column":4},"end":{"line":54,"column":19}},"38":{"start":{"line":56,"column":22},"end":{"line":56,"column":46}},"39":{"start":{"line":57,"column":4},"end":{"line":57,"column":70}},"40":{"start":{"line":57,"column":24},"end":{"line":57,"column":60}},"41":{"start":{"line":57,"column":61},"end":{"line":57,"column":68}},"42":{"start":{"line":58,"column":4},"end":{"line":60,"column":5}},"43":{"start":{"line":59,"column":6},"end":{"line":59,"column":54}},"44":{"start":{"line":59,"column":55},"end":{"line":59,"column":62}},"45":{"start":{"line":62,"column":4},"end":{"line":62,"column":21}},"46":{"start":{"line":64,"column":20},"end":{"line":68,"column":6}},"47":{"start":{"line":70,"column":19},"end":{"line":72,"column":40}},"48":{"start":{"line":74,"column":4},"end":{"line":78,"column":5}},"49":{"start":{"line":75,"column":6},"end":{"line":75,"column":29}},"50":{"start":{"line":76,"column":6},"end":{"line":76,"column":24}},"51":{"start":{"line":77,"column":6},"end":{"line":77,"column":13}},"52":{"start":{"line":79,"column":4},"end":{"line":79,"column":14}},"53":{"start":{"line":82,"column":2},"end":{"line":82,"column":27}},"54":{"start":{"line":82,"column":15},"end":{"line":82,"column":27}},"55":{"start":{"line":84,"column":2},"end":{"line":185,"column":4}},"56":{"start":{"line":123,"column":31},"end":{"line":123,"column":54}},"57":{"start":{"line":142,"column":31},"end":{"line":142,"column":60}},"58":{"start":{"line":161,"column":33},"end":{"line":161,"column":71}},"59":{"start":{"line":188,"column":0},"end":{"line":188,"column":33}}},"fnMap":{"0":{"name":"(anonymous_0)","decl":{"start":{"line":15,"column":20},"end":{"line":15,"column":21}},"loc":{"start":{"line":15,"column":44},"end":{"line":19,"column":1}}},"1":{"name":"(anonymous_1)","decl":{"start":{"line":20,"column":19},"end":{"line":20,"column":20}},"loc":{"start":{"line":20,"column":43},"end":{"line":23,"column":1}}},"2":{"name":"(anonymous_2)","decl":{"start":{"line":25,"column":54},"end":{"line":25,"column":55}},"loc":{"start":{"line":25,"column":92},"end":{"line":186,"column":1}}},"3":{"name":"(anonymous_3)","decl":{"start":{"line":35,"column":12},"end":{"line":35,"column":15}},"loc":{"start":{"line":35,"column":17},"end":{"line":43,"column":3}}},"4":{"name":"(anonymous_4)","decl":{"start":{"line":41,"column":17},"end":{"line":41,"column":20}},"loc":{"start":{"line":41,"column":22},"end":{"line":41,"column":49}}},"5":{"name":"(anonymous_5)","decl":{"start":{"line":45,"column":12},"end":{"line":45,"column":15}},"loc":{"start":{"line":45,"column":17},"end":{"line":50,"column":3}}},"6":{"name":"(anonymous_6)","decl":{"start":{"line":47,"column":18},"end":{"line":47,"column":19}},"loc":{"start":{"line":47,"column":39},"end":{"line":47,"column":78}}},"7":{"name":"(anonymous_7)","decl":{"start":{"line":49,"column":11},"end":{"line":49,"column":14}},"loc":{"start":{"line":49,"column":17},"end":{"line":49,"column":61}}},"8":{"name":"(anonymous_8)","decl":{"start":{"line":52,"column":23},"end":{"line":52,"column":28}},"loc":{"start":{"line":52,"column":52},"end":{"line":80,"column":3}}},"9":{"name":"(anonymous_9)","decl":{"start":{"line":123,"column":24},"end":{"line":123,"column":25}},"loc":{"start":{"line":123,"column":31},"end":{"line":123,"column":54}}},"10":{"name":"(anonymous_10)","decl":{"start":{"line":142,"column":24},"end":{"line":142,"column":25}},"loc":{"start":{"line":142,"column":31},"end":{"line":142,"column":60}}},"11":{"name":"(anonymous_11)","decl":{"start":{"line":161,"column":26},"end":{"line":161,"column":27}},"loc":{"start":{"line":161,"column":33},"end":{"line":161,"column":71}}}},"branchMap":{"0":{"loc":{"start":{"line":17,"column":2},"end":{"line":17,"column":25}},"type":"if","locations":[{"start":{"line":17,"column":2},"end":{"line":17,"column":25}},{"start":{},"end":{}}]},"1":{"loc":{"start":{"line":22,"column":9},"end":{"line":22,"column":36}},"type":"cond-expr","locations":[{"start":{"line":22,"column":18},"end":{"line":22,"column":32}},{"start":{"line":22,"column":35},"end":{"line":22,"column":36}}]},"2":{"loc":{"start":{"line":36,"column":4},"end":{"line":42,"column":5}},"type":"if","locations":[{"start":{"line":36,"column":4},"end":{"line":42,"column":5}},{"start":{},"end":{}}]},"3":{"loc":{"start":{"line":37,"column":14},"end":{"line":37,"column":38}},"type":"cond-expr","locations":[{"start":{"line":37,"column":32},"end":{"line":37,"column":36}},{"start":{"line":37,"column":36},"end":{"line":37,"column":38}}]},"4":{"loc":{"start":{"line":37,"column":14},"end":{"line":37,"column":36}},"type":"binary-expr","locations":[{"start":{"line":37,"column":14},"end":{"line":37,"column":36}},{"start":{"line":37,"column":32},"end":{"line":37,"column":36}}]},"5":{"loc":{"start":{"line":37,"column":14},"end":{"line":37,"column":32}},"type":"cond-expr","locations":[{"start":{"line":37,"column":26},"end":{"line":37,"column":28}},{"start":{"line":37,"column":14},"end":{"line":37,"column":32}}]},"6":{"loc":{"start":{"line":37,"column":14},"end":{"line":37,"column":28}},"type":"binary-expr","locations":[{"start":{"line":37,"column":14},"end":{"line":37,"column":28}},{"start":{"line":37,"column":14},"end":{"line":37,"column":28}}]},"7":{"loc":{"start":{"line":38,"column":16},"end":{"line":38,"column":84}},"type":"cond-expr","locations":[{"start":{"line":38,"column":39},"end":{"line":38,"column":79}},{"start":{"line":38,"column":82},"end":{"line":38,"column":84}}]},"8":{"loc":{"start":{"line":38,"column":16},"end":{"line":38,"column":36}},"type":"cond-expr","locations":[{"start":{"line":38,"column":28},"end":{"line":38,"column":30}},{"start":{"line":38,"column":16},"end":{"line":38,"column":36}}]},"9":{"loc":{"start":{"line":38,"column":16},"end":{"line":38,"column":30}},"type":"binary-expr","locations":[{"start":{"line":38,"column":16},"end":{"line":38,"column":30}},{"start":{"line":38,"column":16},"end":{"line":38,"column":30}}]},"10":{"loc":{"start":{"line":39,"column":20},"end":{"line":39,"column":87}},"type":"cond-expr","locations":[{"start":{"line":39,"column":49},"end":{"line":39,"column":82}},{"start":{"line":39,"column":85},"end":{"line":39,"column":87}}]},"11":{"loc":{"start":{"line":39,"column":20},"end":{"line":39,"column":46}},"type":"cond-expr","locations":[{"start":{"line":39,"column":32},"end":{"line":39,"column":34}},{"start":{"line":39,"column":20},"end":{"line":39,"column":46}}]},"12":{"loc":{"start":{"line":39,"column":20},"end":{"line":39,"column":34}},"type":"binary-expr","locations":[{"start":{"line":39,"column":20},"end":{"line":39,"column":34}},{"start":{"line":39,"column":20},"end":{"line":39,"column":34}}]},"13":{"loc":{"start":{"line":41,"column":23},"end":{"line":41,"column":47}},"type":"cond-expr","locations":[{"start":{"line":41,"column":38},"end":{"line":41,"column":40}},{"start":{"line":41,"column":38},"end":{"line":41,"column":47}}]},"14":{"loc":{"start":{"line":41,"column":23},"end":{"line":41,"column":40}},"type":"binary-expr","locations":[{"start":{"line":41,"column":23},"end":{"line":41,"column":40}},{"start":{"line":41,"column":38},"end":{"line":41,"column":40}}]},"15":{"loc":{"start":{"line":46,"column":4},"end":{"line":46,"column":24}},"type":"if","locations":[{"start":{"line":46,"column":4},"end":{"line":46,"column":24}},{"start":{},"end":{}}]},"16":{"loc":{"start":{"line":47,"column":42},"end":{"line":47,"column":76}},"type":"if","locations":[{"start":{"line":47,"column":42},"end":{"line":47,"column":76}},{"start":{},"end":{}}]},"17":{"loc":{"start":{"line":57,"column":4},"end":{"line":57,"column":70}},"type":"if","locations":[{"start":{"line":57,"column":4},"end":{"line":57,"column":70}},{"start":{},"end":{}}]},"18":{"loc":{"start":{"line":58,"column":4},"end":{"line":60,"column":5}},"type":"if","locations":[{"start":{"line":58,"column":4},"end":{"line":60,"column":5}},{"start":{},"end":{}}]},"19":{"loc":{"start":{"line":58,"column":8},"end":{"line":58,"column":59}},"type":"binary-expr","locations":[{"start":{"line":58,"column":8},"end":{"line":58,"column":24}},{"start":{"line":58,"column":28},"end":{"line":58,"column":41}},{"start":{"line":58,"column":45},"end":{"line":58,"column":59}}]},"20":{"loc":{"start":{"line":66,"column":14},"end":{"line":66,"column":48}},"type":"cond-expr","locations":[{"start":{"line":66,"column":23},"end":{"line":66,"column":41}},{"start":{"line":66,"column":44},"end":{"line":66,"column":48}}]},"21":{"loc":{"start":{"line":70,"column":19},"end":{"line":72,"column":40}},"type":"cond-expr","locations":[{"start":{"line":71,"column":8},"end":{"line":71,"column":69}},{"start":{"line":72,"column":8},"end":{"line":72,"column":40}}]},"22":{"loc":{"start":{"line":70,"column":19},"end":{"line":70,"column":44}},"type":"binary-expr","locations":[{"start":{"line":70,"column":19},"end":{"line":70,"column":28}},{"start":{"line":70,"column":32},"end":{"line":70,"column":44}}]},"23":{"loc":{"start":{"line":74,"column":4},"end":{"line":78,"column":5}},"type":"if","locations":[{"start":{"line":74,"column":4},"end":{"line":78,"column":5}},{"start":{},"end":{}}]},"24":{"loc":{"start":{"line":82,"column":2},"end":{"line":82,"column":27}},"type":"if","locations":[{"start":{"line":82,"column":2},"end":{"line":82,"column":27}},{"start":{},"end":{}}]},"25":{"loc":{"start":{"line":97,"column":13},"end":{"line":97,"column":69}},"type":"cond-expr","locations":[{"start":{"line":97,"column":25},"end":{"line":97,"column":46}},{"start":{"line":97,"column":49},"end":{"line":97,"column":69}}]},"26":{"loc":{"start":{"line":167,"column":11},"end":{"line":170,"column":null}},"type":"binary-expr","locations":[{"start":{"line":167,"column":11},"end":{"line":167,"column":16}},{"start":{"line":168,"column":12},"end":{"line":169,"column":null}}]},"27":{"loc":{"start":{"line":179,"column":15},"end":{"line":179,"column":94}},"type":"cond-expr","locations":[{"start":{"line":179,"column":25},"end":{"line":179,"column":39}},{"start":{"line":179,"column":42},"end":{"line":179,"column":94}}]},"28":{"loc":{"start":{"line":179,"column":42},"end":{"line":179,"column":94}},"type":"cond-expr","locations":[{"start":{"line":179,"column":54},"end":{"line":179,"column":71}},{"start":{"line":179,"column":74},"end":{"line":179,"column":94}}]}},"s":{"0":2,"1":2,"2":2,"3":2,"4":2,"5":0,"6":2,"7":2,"8":1,"9":1,"10":2,"11":54,"12":54,"13":54,"14":54,"15":54,"16":54,"17":54,"18":54,"19":19,"20":12,"21":12,"22":12,"23":12,"24":12,"25":9,"26":54,"27":25,"28":13,"29":12,"30":0,"31":0,"32":12,"33":12,"34":12,"35":54,"36":7,"37":7,"38":7,"39":7,"40":1,"41":1,"42":6,"43":2,"44":2,"45":4,"46":4,"47":4,"48":3,"49":1,"50":1,"51":1,"52":2,"53":54,"54":13,"55":41,"56":6,"57":6,"58":0,"59":2},"f":{"0":2,"1":1,"2":54,"3":19,"4":9,"5":25,"6":0,"7":12,"8":7,"9":6,"10":6,"11":0},"b":{"0":[0,2],"1":[1,0],"2":[12,7],"3":[3,9],"4":[12,12],"5":[9,3],"6":[12,12],"7":[2,10],"8":[9,3],"9":[12,12],"10":[3,9],"11":[9,3],"12":[12,12],"13":[8,1],"14":[9,1],"15":[13,12],"16":[0,0],"17":[1,6],"18":[2,4],"19":[6,6,5],"20":[1,3],"21":[1,3],"22":[4,1],"23":[1,2],"24":[13,41],"25":[8,33],"26":[41,4],"27":[4,37],"28":[7,30]}}
,"C:\\Dev\\app-presupuesto\\src\\components\\features\\RecordatoriosClient.tsx": {"path":"C:\\Dev\\app-presupuesto\\src\\components\\features\\RecordatoriosClient.tsx","statementMap":{"0":{"start":{"line":3,"column":0},"end":{"line":3,"column":42}},"1":{"start":{"line":4,"column":0},"end":{"line":4,"column":72}},"2":{"start":{"line":5,"column":0},"end":{"line":5,"column":103}},"3":{"start":{"line":14,"column":18},"end":{"line":19,"column":18}},"4":{"start":{"line":15,"column":2},"end":{"line":19,"column":18}},"5":{"start":{"line":21,"column":25},"end":{"line":27,"column":1}},"6":{"start":{"line":22,"column":14},"end":{"line":22,"column":24}},"7":{"start":{"line":23,"column":21},"end":{"line":23,"column":34}},"8":{"start":{"line":24,"column":22},"end":{"line":24,"column":82}},"9":{"start":{"line":25,"column":2},"end":{"line":25,"column":63}},"10":{"start":{"line":25,"column":32},"end":{"line":25,"column":63}},"11":{"start":{"line":26,"column":2},"end":{"line":26,"column":47}},"12":{"start":{"line":29,"column":58},"end":{"line":191,"column":1}},"13":{"start":{"line":30,"column":36},"end":{"line":30,"column":51}},"14":{"start":{"line":31,"column":34},"end":{"line":31,"column":78}},"15":{"start":{"line":32,"column":38},"end":{"line":32,"column":67}},"16":{"start":{"line":33,"column":38},"end":{"line":33,"column":67}},"17":{"start":{"line":34,"column":40},"end":{"line":34,"column":69}},"18":{"start":{"line":36,"column":26},"end":{"line":36,"column":79}},"19":{"start":{"line":36,"column":34},"end":{"line":36,"column":57}},"20":{"start":{"line":36,"column":58},"end":{"line":36,"column":77}},"21":{"start":{"line":37,"column":27},"end":{"line":37,"column":86}},"22":{"start":{"line":37,"column":49},"end":{"line":37,"column":64}},"23":{"start":{"line":37,"column":65},"end":{"line":37,"column":84}},"24":{"start":{"line":38,"column":22},"end":{"line":38,"column":76}},"25":{"start":{"line":38,"column":30},"end":{"line":38,"column":50}},"26":{"start":{"line":38,"column":51},"end":{"line":38,"column":74}},"27":{"start":{"line":40,"column":23},"end":{"line":46,"column":3}},"28":{"start":{"line":41,"column":4},"end":{"line":41,"column":25}},"29":{"start":{"line":42,"column":4},"end":{"line":42,"column":22}},"30":{"start":{"line":43,"column":19},"end":{"line":43,"column":49}},"31":{"start":{"line":44,"column":4},"end":{"line":44,"column":24}},"32":{"start":{"line":45,"column":4},"end":{"line":45,"column":56}},"33":{"start":{"line":45,"column":27},"end":{"line":45,"column":56}},"34":{"start":{"line":48,"column":23},"end":{"line":52,"column":3}},"35":{"start":{"line":49,"column":4},"end":{"line":49,"column":24}},"36":{"start":{"line":50,"column":4},"end":{"line":50,"column":46}},"37":{"start":{"line":51,"column":4},"end":{"line":51,"column":24}},"38":{"start":{"line":54,"column":19},"end":{"line":54,"column":63}},"39":{"start":{"line":54,"column":47},"end":{"line":54,"column":55}},"40":{"start":{"line":56,"column":2},"end":{"line":190,"column":4}},"41":{"start":{"line":100,"column":25},"end":{"line":100,"column":57}},"42":{"start":{"line":101,"column":28},"end":{"line":101,"column":37}},"43":{"start":{"line":102,"column":12},"end":{"line":183,"column":14}},"44":{"start":{"line":139,"column":35},"end":{"line":139,"column":54}},"45":{"start":{"line":150,"column":35},"end":{"line":150,"column":53}},"46":{"start":{"line":170,"column":35},"end":{"line":170,"column":50}},"47":{"start":{"line":193,"column":0},"end":{"line":193,"column":35}}},"fnMap":{"0":{"name":"(anonymous_1)","decl":{"start":{"line":14,"column":18},"end":{"line":14,"column":19}},"loc":{"start":{"line":15,"column":2},"end":{"line":19,"column":18}}},"1":{"name":"(anonymous_2)","decl":{"start":{"line":21,"column":25},"end":{"line":21,"column":26}},"loc":{"start":{"line":21,"column":56},"end":{"line":27,"column":1}}},"2":{"name":"(anonymous_3)","decl":{"start":{"line":29,"column":58},"end":{"line":29,"column":59}},"loc":{"start":{"line":29,"column":80},"end":{"line":191,"column":1}}},"3":{"name":"(anonymous_4)","decl":{"start":{"line":36,"column":26},"end":{"line":36,"column":29}},"loc":{"start":{"line":36,"column":31},"end":{"line":36,"column":79}}},"4":{"name":"(anonymous_5)","decl":{"start":{"line":37,"column":27},"end":{"line":37,"column":28}},"loc":{"start":{"line":37,"column":46},"end":{"line":37,"column":86}}},"5":{"name":"(anonymous_6)","decl":{"start":{"line":38,"column":22},"end":{"line":38,"column":25}},"loc":{"start":{"line":38,"column":27},"end":{"line":38,"column":76}}},"6":{"name":"(anonymous_7)","decl":{"start":{"line":40,"column":23},"end":{"line":40,"column":28}},"loc":{"start":{"line":40,"column":44},"end":{"line":46,"column":3}}},"7":{"name":"(anonymous_8)","decl":{"start":{"line":48,"column":23},"end":{"line":48,"column":28}},"loc":{"start":{"line":48,"column":48},"end":{"line":52,"column":3}}},"8":{"name":"(anonymous_9)","decl":{"start":{"line":54,"column":40},"end":{"line":54,"column":41}},"loc":{"start":{"line":54,"column":47},"end":{"line":54,"column":55}}},"9":{"name":"(anonymous_10)","decl":{"start":{"line":99,"column":29},"end":{"line":99,"column":30}},"loc":{"start":{"line":99,"column":35},"end":{"line":184,"column":11}}},"10":{"name":"(anonymous_11)","decl":{"start":{"line":139,"column":29},"end":{"line":139,"column":32}},"loc":{"start":{"line":139,"column":35},"end":{"line":139,"column":54}}},"11":{"name":"(anonymous_12)","decl":{"start":{"line":150,"column":29},"end":{"line":150,"column":32}},"loc":{"start":{"line":150,"column":35},"end":{"line":150,"column":53}}},"12":{"name":"(anonymous_13)","decl":{"start":{"line":170,"column":29},"end":{"line":170,"column":32}},"loc":{"start":{"line":170,"column":35},"end":{"line":170,"column":50}}}},"branchMap":{"0":{"loc":{"start":{"line":25,"column":2},"end":{"line":25,"column":63}},"type":"if","locations":[{"start":{"line":25,"column":2},"end":{"line":25,"column":63}},{"start":{},"end":{}}]},"1":{"loc":{"start":{"line":45,"column":4},"end":{"line":45,"column":56}},"type":"if","locations":[{"start":{"line":45,"column":4},"end":{"line":45,"column":56}},{"start":{},"end":{}}]},"2":{"loc":{"start":{"line":61,"column":34},"end":{"line":61,"column":59}},"type":"cond-expr","locations":[{"start":{"line":61,"column":51},"end":{"line":61,"column":54}},{"start":{"line":61,"column":57},"end":{"line":61,"column":59}}]},"3":{"loc":{"start":{"line":61,"column":68},"end":{"line":61,"column":93}},"type":"cond-expr","locations":[{"start":{"line":61,"column":85},"end":{"line":61,"column":88}},{"start":{"line":61,"column":91},"end":{"line":61,"column":93}}]},"4":{"loc":{"start":{"line":75,"column":7},"end":{"line":78,"column":null}},"type":"binary-expr","locations":[{"start":{"line":75,"column":7},"end":{"line":75,"column":18}},{"start":{"line":76,"column":8},"end":{"line":77,"column":null}}]},"5":{"loc":{"start":{"line":81,"column":7},"end":{"line":185,"column":null}},"type":"cond-expr","locations":[{"start":{"line":82,"column":8},"end":{"line":95,"column":null}},{"start":{"line":98,"column":8},"end":{"line":184,"column":null}}]},"6":{"loc":{"start":{"line":106,"column":18},"end":{"line":106,"column":null}},"type":"cond-expr","locations":[{"start":{"line":106,"column":29},"end":{"line":106,"column":46}},{"start":{"line":106,"column":49},"end":{"line":106,"column":null}}]},"7":{"loc":{"start":{"line":110,"column":143},"end":{"line":110,"column":193}},"type":"cond-expr","locations":[{"start":{"line":110,"column":165},"end":{"line":110,"column":177}},{"start":{"line":110,"column":180},"end":{"line":110,"column":193}}]},"8":{"loc":{"start":{"line":110,"column":143},"end":{"line":110,"column":162}},"type":"binary-expr","locations":[{"start":{"line":110,"column":143},"end":{"line":110,"column":150}},{"start":{"line":110,"column":154},"end":{"line":110,"column":162}}]},"9":{"loc":{"start":{"line":118,"column":21},"end":{"line":123,"column":null}},"type":"cond-expr","locations":[{"start":{"line":119,"column":22},"end":{"line":121,"column":129}},{"start":{"line":123,"column":22},"end":{"line":123,"column":32}}]},"10":{"loc":{"start":{"line":119,"column":22},"end":{"line":121,"column":129}},"type":"cond-expr","locations":[{"start":{"line":120,"column":26},"end":{"line":120,"column":96}},{"start":{"line":121,"column":26},"end":{"line":121,"column":129}}]},"11":{"loc":{"start":{"line":120,"column":43},"end":{"line":120,"column":84}},"type":"cond-expr","locations":[{"start":{"line":120,"column":53},"end":{"line":120,"column":79}},{"start":{"line":120,"column":82},"end":{"line":120,"column":84}}]},"12":{"loc":{"start":{"line":121,"column":43},"end":{"line":121,"column":84}},"type":"cond-expr","locations":[{"start":{"line":121,"column":53},"end":{"line":121,"column":79}},{"start":{"line":121,"column":82},"end":{"line":121,"column":84}}]},"13":{"loc":{"start":{"line":121,"column":100},"end":{"line":121,"column":121}},"type":"cond-expr","locations":[{"start":{"line":121,"column":113},"end":{"line":121,"column":116}},{"start":{"line":121,"column":119},"end":{"line":121,"column":121}}]},"14":{"loc":{"start":{"line":129,"column":17},"end":{"line":132,"column":null}},"type":"binary-expr","locations":[{"start":{"line":129,"column":17},"end":{"line":129,"column":33}},{"start":{"line":130,"column":18},"end":{"line":131,"column":null}}]},"15":{"loc":{"start":{"line":168,"column":32},"end":{"line":168,"column":87}},"type":"cond-expr","locations":[{"start":{"line":168,"column":43},"end":{"line":168,"column":65}},{"start":{"line":168,"column":68},"end":{"line":168,"column":87}}]},"16":{"loc":{"start":{"line":172,"column":22},"end":{"line":172,"column":null}},"type":"cond-expr","locations":[{"start":{"line":172,"column":33},"end":{"line":172,"column":46}},{"start":{"line":172,"column":49},"end":{"line":172,"column":null}}]},"17":{"loc":{"start":{"line":177,"column":24},"end":{"line":177,"column":null}},"type":"cond-expr","locations":[{"start":{"line":177,"column":35},"end":{"line":177,"column":50}},{"start":{"line":177,"column":53},"end":{"line":177,"column":null}}]}},"s":{"0":1,"1":1,"2":1,"3":1,"4":10,"5":1,"6":10,"7":10,"8":10,"9":10,"10":10,"11":0,"12":1,"13":12,"14":12,"15":12,"16":12,"17":12,"18":12,"19":0,"20":0,"21":12,"22":0,"23":0,"24":12,"25":0,"26":0,"27":12,"28":2,"29":2,"30":2,"31":2,"32":2,"33":1,"34":12,"35":1,"36":1,"37":1,"38":12,"39":10,"40":12,"41":10,"42":10,"43":10,"44":0,"45":2,"46":1,"47":1},"f":{"0":10,"1":10,"2":12,"3":0,"4":0,"5":0,"6":2,"7":1,"8":10,"9":10,"10":0,"11":2,"12":1},"b":{"0":[10,0],"1":[1,1],"2":[2,10],"3":[2,10],"4":[12,1],"5":[2,10],"6":[10,0],"7":[0,10],"8":[10,0],"9":[10,0],"10":[0,10],"11":[0,0],"12":[0,10],"13":[10,0],"14":[10,10],"15":[10,0],"16":[10,0],"17":[10,0]}}
}
