TN:
SF:src\components\features\CategoriaModal.tsx
FN:24,(anonymous_0)
FN:32,(anonymous_1)
FN:37,(anonymous_2)
FN:41,(anonymous_3)
FN:43,(anonymous_4)
FN:45,(anonymous_5)
FN:48,(anonymous_6)
FN:94,(anonymous_7)
FN:104,(anonymous_8)
FN:108,(anonymous_9)
FNF:10
FNH:9
FNDA:53,(anonymous_0)
FNDA:24,(anonymous_1)
FNDA:5,(anonymous_2)
FNDA:38,(anonymous_3)
FNDA:0,(anonymous_4)
FNDA:14,(anonymous_5)
FNDA:1,(anonymous_6)
FNDA:5,(anonymous_7)
FNDA:435,(anonymous_8)
FNDA:1,(anonymous_9)
DA:3,2
DA:4,2
DA:18,2
DA:24,2
DA:25,53
DA:26,53
DA:27,53
DA:28,53
DA:29,53
DA:30,53
DA:32,53
DA:33,24
DA:34,14
DA:35,14
DA:36,14
DA:37,14
DA:41,53
DA:42,38
DA:43,14
DA:44,14
DA:45,14
DA:48,53
DA:49,1
DA:50,1
DA:51,1
DA:52,1
DA:54,1
DA:58,1
DA:59,0
DA:60,0
DA:61,0
DA:63,1
DA:66,53
DA:68,29
DA:94,5
DA:105,435
DA:108,1
DA:138,2
LF:38
LH:35
BRDA:33,0,0,14
BRDA:33,0,1,10
BRDA:34,1,0,3
BRDA:34,1,1,11
BRDA:34,2,0,14
BRDA:34,2,1,14
BRDA:34,3,0,11
BRDA:34,3,1,3
BRDA:34,4,0,14
BRDA:34,4,1,14
BRDA:35,5,0,3
BRDA:35,5,1,11
BRDA:35,6,0,14
BRDA:35,6,1,14
BRDA:35,7,0,11
BRDA:35,7,1,3
BRDA:35,8,0,14
BRDA:35,8,1,14
BRDA:37,9,0,5
BRDA:37,9,1,0
BRDA:37,10,0,5
BRDA:37,10,1,0
BRDA:42,11,0,24
BRDA:42,11,1,14
BRDA:43,12,0,0
BRDA:43,12,1,0
BRDA:51,13,0,0
BRDA:51,13,1,1
BRDA:54,14,0,1
BRDA:54,14,1,0
BRDA:54,15,0,1
BRDA:54,15,1,1
BRDA:58,16,0,0
BRDA:58,16,1,1
BRDA:66,17,0,24
BRDA:66,17,1,29
BRDA:74,18,0,8
BRDA:74,18,1,21
BRDA:109,19,0,29
BRDA:109,19,1,406
BRDA:118,20,0,29
BRDA:118,20,1,16
BRDA:122,21,0,29
BRDA:122,21,1,0
BRDA:129,22,0,1
BRDA:129,22,1,28
BRDA:129,23,0,7
BRDA:129,23,1,21
BRF:48
BRH:40
end_of_record
TN:
SF:src\components\features\ConfiguracionClient.tsx
FN:20,(anonymous_1)
FN:37,(anonymous_2)
FN:50,(anonymous_3)
FN:67,(anonymous_4)
FN:71,(anonymous_5)
FN:95,(anonymous_6)
FN:126,(anonymous_7)
FN:146,(anonymous_8)
FN:152,(anonymous_9)
FN:163,(anonymous_10)
FN:184,(anonymous_11)
FNF:11
FNH:8
FNDA:23,(anonymous_1)
FNDA:3,(anonymous_2)
FNDA:2,(anonymous_3)
FNDA:46,(anonymous_4)
FNDA:3,(anonymous_5)
FNDA:1,(anonymous_6)
FNDA:0,(anonymous_7)
FNDA:14,(anonymous_8)
FNDA:0,(anonymous_9)
FNDA:2,(anonymous_10)
FNDA:0,(anonymous_11)
DA:3,1
DA:4,1
DA:5,1
DA:20,1
DA:24,23
DA:27,23
DA:28,23
DA:29,23
DA:32,23
DA:33,23
DA:34,23
DA:35,23
DA:37,23
DA:38,3
DA:39,3
DA:40,3
DA:41,3
DA:42,3
DA:43,3
DA:44,1
DA:46,2
DA:50,23
DA:51,2
DA:52,2
DA:53,2
DA:54,2
DA:55,2
DA:58,23
DA:63,23
DA:68,46
DA:71,3
DA:95,1
DA:126,0
DA:147,14
DA:152,0
DA:163,2
DA:184,0
DA:191,1
LF:38
LH:35
BRDA:43,0,0,1
BRDA:43,0,1,2
BRDA:55,1,0,1
BRDA:55,1,1,1
BRDA:73,2,0,23
BRDA:73,2,1,23
BRDA:84,3,0,23
BRDA:84,3,1,16
BRDA:101,4,0,16
BRDA:101,4,1,3
BRDA:102,5,0,2
BRDA:102,5,1,1
BRDA:112,6,0,3
BRDA:112,6,1,13
BRDA:118,7,0,23
BRDA:118,7,1,7
BRDA:122,8,0,7
BRDA:122,8,1,0
BRDA:136,9,0,7
BRDA:136,9,1,1
BRDA:140,10,0,0
BRDA:140,10,1,7
BRF:22
BRH:20
end_of_record
TN:
SF:src\components\features\GraficosClient.tsx
FN:39,(anonymous_0)
FN:46,(anonymous_1)
FN:52,(anonymous_2)
FN:63,(anonymous_3)
FN:68,(anonymous_4)
FN:77,(anonymous_5)
FN:133,(anonymous_6)
FN:142,(anonymous_7)
FN:191,(anonymous_8)
FNF:9
FNH:5
FNDA:15,(anonymous_0)
FNDA:8,(anonymous_1)
FNDA:0,(anonymous_2)
FNDA:0,(anonymous_3)
FNDA:0,(anonymous_4)
FNDA:5,(anonymous_5)
FNDA:8,(anonymous_6)
FNDA:8,(anonymous_7)
FNDA:0,(anonymous_8)
DA:4,1
DA:39,1
DA:40,15
DA:46,1
DA:47,8
DA:48,4
DA:49,0
DA:52,1
DA:53,0
DA:54,0
DA:55,0
DA:63,1
DA:64,0
DA:65,0
DA:69,0
DA:77,1
DA:84,5
DA:86,5
DA:134,8
DA:143,8
DA:192,0
DA:206,1
LF:22
LH:14
BRDA:47,0,0,4
BRDA:47,0,1,4
BRDA:48,1,0,4
BRDA:48,1,1,0
BRDA:53,2,0,0
BRDA:53,2,1,0
BRDA:53,3,0,0
BRDA:53,3,1,0
BRDA:53,4,0,0
BRDA:53,4,1,0
BRDA:53,5,0,0
BRDA:53,5,1,0
BRDA:64,6,0,0
BRDA:64,6,1,0
BRDA:64,7,0,0
BRDA:64,7,1,0
BRDA:64,8,0,0
BRDA:64,8,1,0
BRDA:64,9,0,0
BRDA:64,9,1,0
BRDA:84,10,0,5
BRDA:84,10,1,0
BRDA:97,11,0,5
BRDA:97,11,1,5
BRDA:103,12,0,1
BRDA:103,12,1,4
BRDA:115,13,0,1
BRDA:115,13,1,4
BRDA:162,14,0,0
BRDA:162,14,1,5
BRF:30
BRH:11
end_of_record
TN:
SF:src\components\features\HistorialClient.tsx
FN:11,(anonymous_1)
FN:23,(anonymous_2)
FN:47,(anonymous_3)
FNF:3
FNH:3
FNDA:18,(anonymous_1)
FNDA:7,(anonymous_2)
FNDA:6,(anonymous_3)
DA:4,1
DA:11,1
DA:12,18
DA:18,1
DA:23,1
DA:24,7
DA:25,2
DA:45,5
DA:48,6
DA:51,6
DA:53,6
DA:108,1
LF:12
LH:12
BRDA:24,0,0,2
BRDA:24,0,1,5
BRDA:48,1,0,6
BRDA:48,1,1,0
BRDA:64,2,0,6
BRDA:64,2,1,1
BRDA:79,3,0,0
BRDA:79,3,1,6
BRDA:79,4,0,0
BRDA:79,4,1,6
BRDA:98,5,0,1
BRDA:98,5,1,5
BRF:12
BRH:9
end_of_record
TN:
SF:src\components\features\LoginForm.tsx
FN:6,(anonymous_0)
FN:10,(anonymous_1)
FN:38,(anonymous_2)
FN:49,(anonymous_3)
FN:61,(anonymous_4)
FN:82,(anonymous_5)
FNF:6
FNH:6
FNDA:17,(anonymous_0)
FNDA:6,(anonymous_1)
FNDA:4,(anonymous_2)
FNDA:2,(anonymous_3)
FNDA:17,(anonymous_4)
FNDA:17,(anonymous_5)
DA:3,1
DA:4,1
DA:6,1
DA:7,17
DA:8,17
DA:10,17
DA:11,6
DA:12,6
DA:14,6
DA:15,6
DA:22,4
DA:23,2
DA:24,2
DA:28,17
DA:38,4
DA:49,2
DA:61,1
DA:62,17
DA:82,1
DA:83,17
DA:88,1
LF:21
LH:21
BRDA:22,0,0,2
BRDA:22,0,1,2
BRDA:30,1,0,17
BRDA:30,1,1,2
BRDA:44,2,0,4
BRDA:44,2,1,13
BRDA:55,3,0,2
BRDA:55,3,1,15
BRF:8
BRH:8
end_of_record
TN:
SF:src\components\features\OnboardingForm.tsx
FN:7,(anonymous_0)
FN:14,(anonymous_1)
FN:42,(anonymous_2)
FNF:3
FNH:3
FNDA:16,(anonymous_0)
FNDA:3,(anonymous_1)
FNDA:3,(anonymous_2)
DA:3,1
DA:4,1
DA:5,1
DA:7,1
DA:8,16
DA:9,16
DA:10,16
DA:11,16
DA:14,16
DA:15,3
DA:16,3
DA:17,3
DA:18,3
DA:19,2
DA:20,2
DA:21,1
DA:23,1
DA:27,16
DA:42,3
DA:60,1
LF:20
LH:20
BRDA:20,0,0,1
BRDA:20,0,1,1
BRDA:20,1,0,2
BRDA:20,1,1,1
BRDA:29,2,0,16
BRDA:29,2,1,1
BRDA:54,3,0,3
BRDA:54,3,1,13
BRF:8
BRH:8
end_of_record
TN:
SF:src\components\features\RecordatorioModal.tsx
FN:15,(anonymous_0)
FN:20,(anonymous_1)
FN:25,(anonymous_2)
FN:35,(anonymous_3)
FN:41,(anonymous_4)
FN:45,(anonymous_5)
FN:47,(anonymous_6)
FN:49,(anonymous_7)
FN:52,(anonymous_8)
FN:123,(anonymous_9)
FN:142,(anonymous_10)
FN:161,(anonymous_11)
FNF:12
FNH:10
FNDA:2,(anonymous_0)
FNDA:1,(anonymous_1)
FNDA:54,(anonymous_2)
FNDA:19,(anonymous_3)
FNDA:9,(anonymous_4)
FNDA:25,(anonymous_5)
FNDA:0,(anonymous_6)
FNDA:12,(anonymous_7)
FNDA:7,(anonymous_8)
FNDA:6,(anonymous_9)
FNDA:6,(anonymous_10)
FNDA:0,(anonymous_11)
DA:3,2
DA:4,2
DA:15,2
DA:16,2
DA:17,2
DA:18,2
DA:20,2
DA:21,1
DA:22,1
DA:25,2
DA:26,54
DA:28,54
DA:29,54
DA:30,54
DA:31,54
DA:32,54
DA:33,54
DA:35,54
DA:36,19
DA:37,12
DA:38,12
DA:39,12
DA:40,12
DA:41,12
DA:45,54
DA:46,25
DA:47,12
DA:48,12
DA:49,12
DA:52,54
DA:53,7
DA:54,7
DA:56,7
DA:57,7
DA:58,6
DA:59,2
DA:62,4
DA:64,4
DA:70,4
DA:74,3
DA:75,1
DA:76,1
DA:77,1
DA:79,2
DA:82,54
DA:84,41
DA:123,6
DA:142,6
DA:161,0
DA:188,2
LF:50
LH:49
BRDA:17,0,0,0
BRDA:17,0,1,2
BRDA:22,1,0,1
BRDA:22,1,1,0
BRDA:36,2,0,12
BRDA:36,2,1,7
BRDA:37,3,0,3
BRDA:37,3,1,9
BRDA:37,4,0,12
BRDA:37,4,1,12
BRDA:37,5,0,9
BRDA:37,5,1,3
BRDA:37,6,0,12
BRDA:37,6,1,12
BRDA:38,7,0,2
BRDA:38,7,1,10
BRDA:38,8,0,9
BRDA:38,8,1,3
BRDA:38,9,0,12
BRDA:38,9,1,12
BRDA:39,10,0,3
BRDA:39,10,1,9
BRDA:39,11,0,9
BRDA:39,11,1,3
BRDA:39,12,0,12
BRDA:39,12,1,12
BRDA:41,13,0,8
BRDA:41,13,1,1
BRDA:41,14,0,9
BRDA:41,14,1,1
BRDA:46,15,0,13
BRDA:46,15,1,12
BRDA:47,16,0,0
BRDA:47,16,1,0
BRDA:57,17,0,1
BRDA:57,17,1,6
BRDA:58,18,0,2
BRDA:58,18,1,4
BRDA:58,19,0,6
BRDA:58,19,1,6
BRDA:58,19,2,5
BRDA:66,20,0,1
BRDA:66,20,1,3
BRDA:70,21,0,1
BRDA:70,21,1,3
BRDA:70,22,0,4
BRDA:70,22,1,1
BRDA:74,23,0,1
BRDA:74,23,1,2
BRDA:82,24,0,13
BRDA:82,24,1,41
BRDA:97,25,0,8
BRDA:97,25,1,33
BRDA:167,26,0,41
BRDA:167,26,1,4
BRDA:179,27,0,4
BRDA:179,27,1,37
BRDA:179,28,0,7
BRDA:179,28,1,30
BRF:59
BRH:55
end_of_record
TN:
SF:src\components\features\RecordatoriosClient.tsx
FN:14,(anonymous_1)
FN:21,(anonymous_2)
FN:29,(anonymous_3)
FN:36,(anonymous_4)
FN:37,(anonymous_5)
FN:38,(anonymous_6)
FN:40,(anonymous_7)
FN:48,(anonymous_8)
FN:54,(anonymous_9)
FN:99,(anonymous_10)
FN:139,(anonymous_11)
FN:150,(anonymous_12)
FN:170,(anonymous_13)
FNF:13
FNH:9
FNDA:10,(anonymous_1)
FNDA:10,(anonymous_2)
FNDA:12,(anonymous_3)
FNDA:0,(anonymous_4)
FNDA:0,(anonymous_5)
FNDA:0,(anonymous_6)
FNDA:2,(anonymous_7)
FNDA:1,(anonymous_8)
FNDA:10,(anonymous_9)
FNDA:10,(anonymous_10)
FNDA:0,(anonymous_11)
FNDA:2,(anonymous_12)
FNDA:1,(anonymous_13)
DA:3,1
DA:4,1
DA:5,1
DA:14,1
DA:15,10
DA:21,1
DA:22,10
DA:23,10
DA:24,10
DA:25,10
DA:26,0
DA:29,1
DA:30,12
DA:31,12
DA:32,12
DA:33,12
DA:34,12
DA:36,12
DA:37,12
DA:38,12
DA:40,12
DA:41,2
DA:42,2
DA:43,2
DA:44,2
DA:45,2
DA:48,12
DA:49,1
DA:50,1
DA:51,1
DA:54,12
DA:56,12
DA:100,10
DA:101,10
DA:102,10
DA:139,0
DA:150,2
DA:170,1
DA:193,1
LF:39
LH:37
BRDA:25,0,0,10
BRDA:25,0,1,0
BRDA:45,1,0,1
BRDA:45,1,1,1
BRDA:61,2,0,2
BRDA:61,2,1,10
BRDA:61,3,0,2
BRDA:61,3,1,10
BRDA:75,4,0,12
BRDA:75,4,1,1
BRDA:81,5,0,2
BRDA:81,5,1,10
BRDA:106,6,0,10
BRDA:106,6,1,0
BRDA:110,7,0,0
BRDA:110,7,1,10
BRDA:110,8,0,10
BRDA:110,8,1,0
BRDA:118,9,0,10
BRDA:118,9,1,0
BRDA:119,10,0,0
BRDA:119,10,1,10
BRDA:120,11,0,0
BRDA:120,11,1,0
BRDA:121,12,0,0
BRDA:121,12,1,10
BRDA:121,13,0,10
BRDA:121,13,1,0
BRDA:129,14,0,10
BRDA:129,14,1,10
BRDA:168,15,0,10
BRDA:168,15,1,0
BRDA:172,16,0,10
BRDA:172,16,1,0
BRDA:177,17,0,10
BRDA:177,17,1,0
BRF:36
BRH:23
end_of_record
